2018/10/02 02:20:01 [trace] [system.CModule] Loading "log" application component
2018/10/02 02:20:01 [trace] [system.CModule] Loading "db" application component
2018/10/02 02:20:01 [trace] [system.db.CDbConnection] Opening DB connection
2018/10/02 02:20:01 [trace] [system.db.CDbCommand] Querying SQL: SHOW COLUMNS FROM `ads`
2018/10/02 02:20:04 [trace] [system.db.CDbCommand] Querying SQL: SHOW CREATE TABLE `ads`
2018/10/02 02:20:04 [trace] [system.db.ar.CActiveRecord] Ads.findAll()
2018/10/02 02:20:04 [trace] [system.db.CDbCommand] Querying SQL: SELECT * FROM `ads` `t` WHERE `end_publishing_date` BETWEEN now() and DATE_ADD(NOW(), INTERVAL 3 DAY) ORDER BY publishing_date desc
2018/10/03 02:20:02 [trace] [system.CModule] Loading "log" application component
2018/10/03 02:20:02 [trace] [system.CModule] Loading "db" application component
2018/10/03 02:20:02 [trace] [system.db.CDbConnection] Opening DB connection
2018/10/03 02:20:02 [trace] [system.db.CDbCommand] Querying SQL: SHOW COLUMNS FROM `ads`
2018/10/03 02:20:02 [trace] [system.db.CDbCommand] Querying SQL: SHOW CREATE TABLE `ads`
2018/10/03 02:20:02 [trace] [system.db.ar.CActiveRecord] Ads.findAll()
2018/10/03 02:20:02 [trace] [system.db.CDbCommand] Querying SQL: SELECT * FROM `ads` `t` WHERE `end_publishing_date` BETWEEN now() and DATE_ADD(NOW(), INTERVAL 3 DAY) ORDER BY publishing_date desc
2018/10/04 02:20:02 [trace] [system.CModule] Loading "log" application component
2018/10/04 02:20:02 [trace] [system.CModule] Loading "db" application component
2018/10/04 02:20:02 [trace] [system.db.CDbConnection] Opening DB connection
2018/10/04 02:20:02 [trace] [system.db.CDbCommand] Querying SQL: SHOW COLUMNS FROM `ads`
2018/10/04 02:20:02 [trace] [system.db.CDbCommand] Querying SQL: SHOW CREATE TABLE `ads`
2018/10/04 02:20:02 [trace] [system.db.ar.CActiveRecord] Ads.findAll()
2018/10/04 02:20:02 [trace] [system.db.CDbCommand] Querying SQL: SELECT * FROM `ads` `t` WHERE `end_publishing_date` BETWEEN now() and DATE_ADD(NOW(), INTERVAL 3 DAY) ORDER BY publishing_date desc
2018/10/05 02:20:02 [trace] [system.CModule] Loading "log" application component
2018/10/05 02:20:02 [trace] [system.CModule] Loading "db" application component
2018/10/05 02:20:02 [trace] [system.db.CDbConnection] Opening DB connection
2018/10/05 02:20:02 [trace] [system.db.CDbCommand] Querying SQL: SHOW COLUMNS FROM `ads`
2018/10/05 02:20:02 [trace] [system.db.CDbCommand] Querying SQL: SHOW CREATE TABLE `ads`
2018/10/05 02:20:02 [trace] [system.db.ar.CActiveRecord] Ads.findAll()
2018/10/05 02:20:02 [trace] [system.db.CDbCommand] Querying SQL: SELECT * FROM `ads` `t` WHERE `end_publishing_date` BETWEEN now() and DATE_ADD(NOW(), INTERVAL 3 DAY) ORDER BY publishing_date desc
2018/10/06 02:20:03 [trace] [system.CModule] Loading "log" application component
2018/10/06 02:20:03 [trace] [system.CModule] Loading "db" application component
2018/10/06 02:20:03 [trace] [system.db.CDbConnection] Opening DB connection
2018/10/06 02:20:03 [trace] [system.db.CDbCommand] Querying SQL: SHOW COLUMNS FROM `ads`
2018/10/06 02:20:03 [trace] [system.db.CDbCommand] Querying SQL: SHOW CREATE TABLE `ads`
2018/10/06 02:20:03 [trace] [system.db.ar.CActiveRecord] Ads.findAll()
2018/10/06 02:20:03 [trace] [system.db.CDbCommand] Querying SQL: SELECT * FROM `ads` `t` WHERE `end_publishing_date` BETWEEN now() and DATE_ADD(NOW(), INTERVAL 3 DAY) ORDER BY publishing_date desc
2018/10/07 02:20:03 [trace] [system.CModule] Loading "log" application component
2018/10/07 02:20:03 [trace] [system.CModule] Loading "db" application component
2018/10/07 02:20:03 [trace] [system.db.CDbConnection] Opening DB connection
2018/10/07 02:20:03 [trace] [system.db.CDbCommand] Querying SQL: SHOW COLUMNS FROM `ads`
2018/10/07 02:20:03 [trace] [system.db.CDbCommand] Querying SQL: SHOW CREATE TABLE `ads`
2018/10/07 02:20:03 [trace] [system.db.ar.CActiveRecord] Ads.findAll()
2018/10/07 02:20:03 [trace] [system.db.CDbCommand] Querying SQL: SELECT * FROM `ads` `t` WHERE `end_publishing_date` BETWEEN now() and DATE_ADD(NOW(), INTERVAL 3 DAY) ORDER BY publishing_date desc
2018/10/08 02:20:02 [trace] [system.CModule] Loading "log" application component
2018/10/08 02:20:02 [trace] [system.CModule] Loading "db" application component
2018/10/08 02:20:02 [trace] [system.db.CDbConnection] Opening DB connection
2018/10/08 02:20:02 [trace] [system.db.CDbCommand] Querying SQL: SHOW COLUMNS FROM `ads`
2018/10/08 02:20:02 [trace] [system.db.CDbCommand] Querying SQL: SHOW CREATE TABLE `ads`
2018/10/08 02:20:02 [trace] [system.db.ar.CActiveRecord] Ads.findAll()
2018/10/08 02:20:02 [trace] [system.db.CDbCommand] Querying SQL: SELECT * FROM `ads` `t` WHERE `end_publishing_date` BETWEEN now() and DATE_ADD(NOW(), INTERVAL 3 DAY) ORDER BY publishing_date desc
2018/10/09 02:20:03 [trace] [system.CModule] Loading "log" application component
2018/10/09 02:20:03 [trace] [system.CModule] Loading "db" application component
2018/10/09 02:20:03 [trace] [system.db.CDbConnection] Opening DB connection
2018/10/09 02:20:03 [trace] [system.db.CDbCommand] Querying SQL: SHOW COLUMNS FROM `ads`
2018/10/09 02:20:03 [trace] [system.db.CDbCommand] Querying SQL: SHOW CREATE TABLE `ads`
2018/10/09 02:20:03 [trace] [system.db.ar.CActiveRecord] Ads.findAll()
2018/10/09 02:20:03 [trace] [system.db.CDbCommand] Querying SQL: SELECT * FROM `ads` `t` WHERE `end_publishing_date` BETWEEN now() and DATE_ADD(NOW(), INTERVAL 3 DAY) ORDER BY publishing_date desc
2018/10/10 02:20:03 [trace] [system.CModule] Loading "log" application component
2018/10/10 02:20:03 [trace] [system.CModule] Loading "db" application component
2018/10/10 02:20:03 [trace] [system.db.CDbConnection] Opening DB connection
2018/10/10 02:20:03 [trace] [system.db.CDbCommand] Querying SQL: SHOW COLUMNS FROM `ads`
2018/10/10 02:20:03 [trace] [system.db.CDbCommand] Querying SQL: SHOW CREATE TABLE `ads`
2018/10/10 02:20:03 [trace] [system.db.ar.CActiveRecord] Ads.findAll()
2018/10/10 02:20:03 [trace] [system.db.CDbCommand] Querying SQL: SELECT * FROM `ads` `t` WHERE `end_publishing_date` BETWEEN now() and DATE_ADD(NOW(), INTERVAL 3 DAY) ORDER BY publishing_date desc
2018/10/11 02:20:02 [trace] [system.CModule] Loading "log" application component
2018/10/11 02:20:02 [trace] [system.CModule] Loading "db" application component
2018/10/11 02:20:02 [trace] [system.db.CDbConnection] Opening DB connection
2018/10/11 02:20:02 [trace] [system.db.CDbCommand] Querying SQL: SHOW COLUMNS FROM `ads`
2018/10/11 02:20:02 [trace] [system.db.CDbCommand] Querying SQL: SHOW CREATE TABLE `ads`
2018/10/11 02:20:02 [trace] [system.db.ar.CActiveRecord] Ads.findAll()
2018/10/11 02:20:02 [trace] [system.db.CDbCommand] Querying SQL: SELECT * FROM `ads` `t` WHERE `end_publishing_date` BETWEEN now() and DATE_ADD(NOW(), INTERVAL 3 DAY) ORDER BY publishing_date desc
2018/10/12 02:20:02 [trace] [system.CModule] Loading "log" application component
2018/10/12 02:20:02 [trace] [system.CModule] Loading "db" application component
2018/10/12 02:20:02 [trace] [system.db.CDbConnection] Opening DB connection
2018/10/12 02:20:02 [trace] [system.db.CDbCommand] Querying SQL: SHOW COLUMNS FROM `ads`
2018/10/12 02:20:02 [trace] [system.db.CDbCommand] Querying SQL: SHOW CREATE TABLE `ads`
2018/10/12 02:20:02 [trace] [system.db.ar.CActiveRecord] Ads.findAll()
2018/10/12 02:20:02 [trace] [system.db.CDbCommand] Querying SQL: SELECT * FROM `ads` `t` WHERE `end_publishing_date` BETWEEN now() and DATE_ADD(NOW(), INTERVAL 3 DAY) ORDER BY publishing_date desc
2018/10/13 02:20:01 [trace] [system.CModule] Loading "log" application component
2018/10/13 02:20:01 [trace] [system.CModule] Loading "db" application component
2018/10/13 02:20:01 [trace] [system.db.CDbConnection] Opening DB connection
2018/10/13 02:20:02 [trace] [system.db.CDbCommand] Querying SQL: SHOW COLUMNS FROM `ads`
2018/10/13 02:20:02 [trace] [system.db.CDbCommand] Querying SQL: SHOW CREATE TABLE `ads`
2018/10/13 02:20:02 [trace] [system.db.ar.CActiveRecord] Ads.findAll()
2018/10/13 02:20:02 [trace] [system.db.CDbCommand] Querying SQL: SELECT * FROM `ads` `t` WHERE `end_publishing_date` BETWEEN now() and DATE_ADD(NOW(), INTERVAL 3 DAY) ORDER BY publishing_date desc
2018/10/14 02:20:03 [trace] [system.CModule] Loading "log" application component
2018/10/14 02:20:03 [trace] [system.CModule] Loading "db" application component
2018/10/14 02:20:03 [trace] [system.db.CDbConnection] Opening DB connection
2018/10/14 02:20:03 [trace] [system.db.CDbCommand] Querying SQL: SHOW COLUMNS FROM `ads`
2018/10/14 02:20:03 [trace] [system.db.CDbCommand] Querying SQL: SHOW CREATE TABLE `ads`
2018/10/14 02:20:03 [trace] [system.db.ar.CActiveRecord] Ads.findAll()
2018/10/14 02:20:03 [trace] [system.db.CDbCommand] Querying SQL: SELECT * FROM `ads` `t` WHERE `end_publishing_date` BETWEEN now() and DATE_ADD(NOW(), INTERVAL 3 DAY) ORDER BY publishing_date desc
2018/10/15 02:20:03 [trace] [system.CModule] Loading "log" application component
2018/10/15 02:20:03 [trace] [system.CModule] Loading "db" application component
2018/10/15 02:20:03 [trace] [system.db.CDbConnection] Opening DB connection
2018/10/15 02:20:03 [trace] [system.db.CDbCommand] Querying SQL: SHOW COLUMNS FROM `ads`
2018/10/15 02:20:03 [trace] [system.db.CDbCommand] Querying SQL: SHOW CREATE TABLE `ads`
2018/10/15 02:20:03 [trace] [system.db.ar.CActiveRecord] Ads.findAll()
2018/10/15 02:20:03 [trace] [system.db.CDbCommand] Querying SQL: SELECT * FROM `ads` `t` WHERE `end_publishing_date` BETWEEN now() and DATE_ADD(NOW(), INTERVAL 3 DAY) ORDER BY publishing_date desc
2018/10/16 02:20:02 [trace] [system.CModule] Loading "log" application component
2018/10/16 02:20:02 [trace] [system.CModule] Loading "db" application component
2018/10/16 02:20:02 [trace] [system.db.CDbConnection] Opening DB connection
2018/10/16 02:20:02 [trace] [system.db.CDbCommand] Querying SQL: SHOW COLUMNS FROM `ads`
2018/10/16 02:20:02 [trace] [system.db.CDbCommand] Querying SQL: SHOW CREATE TABLE `ads`
2018/10/16 02:20:02 [trace] [system.db.ar.CActiveRecord] Ads.findAll()
2018/10/16 02:20:02 [trace] [system.db.CDbCommand] Querying SQL: SELECT * FROM `ads` `t` WHERE `end_publishing_date` BETWEEN now() and DATE_ADD(NOW(), INTERVAL 3 DAY) ORDER BY publishing_date desc
2018/10/17 02:20:02 [trace] [system.CModule] Loading "log" application component
2018/10/17 02:20:02 [trace] [system.CModule] Loading "db" application component
2018/10/17 02:20:02 [trace] [system.db.CDbConnection] Opening DB connection
2018/10/17 02:20:02 [trace] [system.db.CDbCommand] Querying SQL: SHOW COLUMNS FROM `ads`
2018/10/17 02:20:02 [trace] [system.db.CDbCommand] Querying SQL: SHOW CREATE TABLE `ads`
2018/10/17 02:20:02 [trace] [system.db.ar.CActiveRecord] Ads.findAll()
2018/10/17 02:20:02 [trace] [system.db.CDbCommand] Querying SQL: SELECT * FROM `ads` `t` WHERE `end_publishing_date` BETWEEN now() and DATE_ADD(NOW(), INTERVAL 3 DAY) ORDER BY publishing_date desc
2018/10/18 02:20:02 [trace] [system.CModule] Loading "log" application component
2018/10/18 02:20:02 [trace] [system.CModule] Loading "db" application component
2018/10/18 02:20:02 [trace] [system.db.CDbConnection] Opening DB connection
2018/10/18 02:20:02 [trace] [system.db.CDbCommand] Querying SQL: SHOW COLUMNS FROM `ads`
2018/10/18 02:20:02 [trace] [system.db.CDbCommand] Querying SQL: SHOW CREATE TABLE `ads`
2018/10/18 02:20:02 [trace] [system.db.ar.CActiveRecord] Ads.findAll()
2018/10/18 02:20:02 [trace] [system.db.CDbCommand] Querying SQL: SELECT * FROM `ads` `t` WHERE `end_publishing_date` BETWEEN now() and DATE_ADD(NOW(), INTERVAL 3 DAY) ORDER BY publishing_date desc
2018/10/19 02:20:01 [trace] [system.CModule] Loading "log" application component
2018/10/19 02:20:01 [trace] [system.CModule] Loading "db" application component
2018/10/19 02:20:01 [trace] [system.db.CDbConnection] Opening DB connection
2018/10/19 02:20:01 [trace] [system.db.CDbCommand] Querying SQL: SHOW COLUMNS FROM `ads`
2018/10/19 02:20:01 [trace] [system.db.CDbCommand] Querying SQL: SHOW CREATE TABLE `ads`
2018/10/19 02:20:01 [trace] [system.db.ar.CActiveRecord] Ads.findAll()
2018/10/19 02:20:01 [trace] [system.db.CDbCommand] Querying SQL: SELECT * FROM `ads` `t` WHERE `end_publishing_date` BETWEEN now() and DATE_ADD(NOW(), INTERVAL 3 DAY) ORDER BY publishing_date desc
2018/10/20 02:20:01 [trace] [system.CModule] Loading "log" application component
2018/10/20 02:20:01 [trace] [system.CModule] Loading "db" application component
2018/10/20 02:20:01 [trace] [system.db.CDbConnection] Opening DB connection
2018/10/20 02:20:01 [trace] [system.db.CDbCommand] Querying SQL: SHOW COLUMNS FROM `ads`
2018/10/20 02:20:01 [trace] [system.db.CDbCommand] Querying SQL: SHOW CREATE TABLE `ads`
2018/10/20 02:20:01 [trace] [system.db.ar.CActiveRecord] Ads.findAll()
2018/10/20 02:20:01 [trace] [system.db.CDbCommand] Querying SQL: SELECT * FROM `ads` `t` WHERE `end_publishing_date` BETWEEN now() and DATE_ADD(NOW(), INTERVAL 3 DAY) ORDER BY publishing_date desc
2018/10/21 02:20:02 [trace] [system.CModule] Loading "log" application component
2018/10/21 02:20:02 [trace] [system.CModule] Loading "db" application component
2018/10/21 02:20:02 [trace] [system.db.CDbConnection] Opening DB connection
2018/10/21 02:20:02 [trace] [system.db.CDbCommand] Querying SQL: SHOW COLUMNS FROM `ads`
2018/10/21 02:20:02 [trace] [system.db.CDbCommand] Querying SQL: SHOW CREATE TABLE `ads`
2018/10/21 02:20:02 [trace] [system.db.ar.CActiveRecord] Ads.findAll()
2018/10/21 02:20:02 [trace] [system.db.CDbCommand] Querying SQL: SELECT * FROM `ads` `t` WHERE `end_publishing_date` BETWEEN now() and DATE_ADD(NOW(), INTERVAL 3 DAY) ORDER BY publishing_date desc
2018/10/22 02:20:01 [trace] [system.CModule] Loading "log" application component
2018/10/22 02:20:01 [trace] [system.CModule] Loading "db" application component
2018/10/22 02:20:01 [trace] [system.db.CDbConnection] Opening DB connection
2018/10/22 02:20:01 [trace] [system.db.CDbCommand] Querying SQL: SHOW COLUMNS FROM `ads`
2018/10/22 02:20:01 [trace] [system.db.CDbCommand] Querying SQL: SHOW CREATE TABLE `ads`
2018/10/22 02:20:01 [trace] [system.db.ar.CActiveRecord] Ads.findAll()
2018/10/22 02:20:01 [trace] [system.db.CDbCommand] Querying SQL: SELECT * FROM `ads` `t` WHERE `end_publishing_date` BETWEEN now() and DATE_ADD(NOW(), INTERVAL 3 DAY) ORDER BY publishing_date desc
2018/10/23 02:20:02 [trace] [system.CModule] Loading "log" application component
2018/10/23 02:20:02 [trace] [system.CModule] Loading "db" application component
2018/10/23 02:20:02 [trace] [system.db.CDbConnection] Opening DB connection
2018/10/23 02:20:02 [trace] [system.db.CDbCommand] Querying SQL: SHOW COLUMNS FROM `ads`
2018/10/23 02:20:02 [trace] [system.db.CDbCommand] Querying SQL: SHOW CREATE TABLE `ads`
2018/10/23 02:20:02 [trace] [system.db.ar.CActiveRecord] Ads.findAll()
2018/10/23 02:20:02 [trace] [system.db.CDbCommand] Querying SQL: SELECT * FROM `ads` `t` WHERE `end_publishing_date` BETWEEN now() and DATE_ADD(NOW(), INTERVAL 3 DAY) ORDER BY publishing_date desc
2018/10/24 02:20:04 [trace] [system.CModule] Loading "log" application component
2018/10/24 02:20:04 [trace] [system.CModule] Loading "db" application component
2018/10/24 02:20:04 [trace] [system.db.CDbConnection] Opening DB connection
2018/10/24 02:20:04 [trace] [system.db.CDbCommand] Querying SQL: SHOW COLUMNS FROM `ads`
2018/10/24 02:20:04 [trace] [system.db.CDbCommand] Querying SQL: SHOW CREATE TABLE `ads`
2018/10/24 02:20:04 [trace] [system.db.ar.CActiveRecord] Ads.findAll()
2018/10/24 02:20:04 [trace] [system.db.CDbCommand] Querying SQL: SELECT * FROM `ads` `t` WHERE `end_publishing_date` BETWEEN now() and DATE_ADD(NOW(), INTERVAL 3 DAY) ORDER BY publishing_date desc
2018/10/25 02:20:02 [trace] [system.CModule] Loading "log" application component
2018/10/25 02:20:02 [trace] [system.CModule] Loading "db" application component
2018/10/25 02:20:02 [trace] [system.db.CDbConnection] Opening DB connection
2018/10/25 02:20:02 [trace] [system.db.CDbCommand] Querying SQL: SHOW COLUMNS FROM `ads`
2018/10/25 02:20:02 [trace] [system.db.CDbCommand] Querying SQL: SHOW CREATE TABLE `ads`
2018/10/25 02:20:02 [trace] [system.db.ar.CActiveRecord] Ads.findAll()
2018/10/25 02:20:02 [trace] [system.db.CDbCommand] Querying SQL: SELECT * FROM `ads` `t` WHERE `end_publishing_date` BETWEEN now() and DATE_ADD(NOW(), INTERVAL 3 DAY) ORDER BY publishing_date desc
2018/10/26 02:20:02 [trace] [system.CModule] Loading "log" application component
2018/10/26 02:20:02 [trace] [system.CModule] Loading "db" application component
2018/10/26 02:20:02 [trace] [system.db.CDbConnection] Opening DB connection
2018/10/26 02:20:02 [trace] [system.db.CDbCommand] Querying SQL: SHOW COLUMNS FROM `ads`
2018/10/26 02:20:02 [trace] [system.db.CDbCommand] Querying SQL: SHOW CREATE TABLE `ads`
2018/10/26 02:20:02 [trace] [system.db.ar.CActiveRecord] Ads.findAll()
2018/10/26 02:20:02 [trace] [system.db.CDbCommand] Querying SQL: SELECT * FROM `ads` `t` WHERE `end_publishing_date` BETWEEN now() and DATE_ADD(NOW(), INTERVAL 3 DAY) ORDER BY publishing_date desc
2018/10/27 02:20:02 [trace] [system.CModule] Loading "log" application component
2018/10/27 02:20:02 [trace] [system.CModule] Loading "db" application component
2018/10/27 02:20:02 [trace] [system.db.CDbConnection] Opening DB connection
2018/10/27 02:20:02 [trace] [system.db.CDbCommand] Querying SQL: SHOW COLUMNS FROM `ads`
2018/10/27 02:20:02 [trace] [system.db.CDbCommand] Querying SQL: SHOW CREATE TABLE `ads`
2018/10/27 02:20:02 [trace] [system.db.ar.CActiveRecord] Ads.findAll()
2018/10/27 02:20:02 [trace] [system.db.CDbCommand] Querying SQL: SELECT * FROM `ads` `t` WHERE `end_publishing_date` BETWEEN now() and DATE_ADD(NOW(), INTERVAL 3 DAY) ORDER BY publishing_date desc
2018/10/28 02:20:03 [trace] [system.CModule] Loading "log" application component
2018/10/28 02:20:03 [trace] [system.CModule] Loading "db" application component
2018/10/28 02:20:03 [trace] [system.db.CDbConnection] Opening DB connection
2018/10/28 02:20:03 [trace] [system.db.CDbCommand] Querying SQL: SHOW COLUMNS FROM `ads`
2018/10/28 02:20:03 [trace] [system.db.CDbCommand] Querying SQL: SHOW CREATE TABLE `ads`
2018/10/28 02:20:03 [trace] [system.db.ar.CActiveRecord] Ads.findAll()
2018/10/28 02:20:03 [trace] [system.db.CDbCommand] Querying SQL: SELECT * FROM `ads` `t` WHERE `end_publishing_date` BETWEEN now() and DATE_ADD(NOW(), INTERVAL 3 DAY) ORDER BY publishing_date desc
2018/10/29 02:20:04 [trace] [system.CModule] Loading "log" application component
2018/10/29 02:20:04 [trace] [system.CModule] Loading "db" application component
2018/10/29 02:20:04 [trace] [system.db.CDbConnection] Opening DB connection
2018/10/29 02:20:04 [trace] [system.db.CDbCommand] Querying SQL: SHOW COLUMNS FROM `ads`
2018/10/29 02:20:04 [trace] [system.db.CDbCommand] Querying SQL: SHOW CREATE TABLE `ads`
2018/10/29 02:20:04 [trace] [system.db.ar.CActiveRecord] Ads.findAll()
2018/10/29 02:20:04 [trace] [system.db.CDbCommand] Querying SQL: SELECT * FROM `ads` `t` WHERE `end_publishing_date` BETWEEN now() and DATE_ADD(NOW(), INTERVAL 3 DAY) ORDER BY publishing_date desc
2018/10/30 02:20:02 [trace] [system.CModule] Loading "log" application component
2018/10/30 02:20:02 [trace] [system.CModule] Loading "db" application component
2018/10/30 02:20:02 [trace] [system.db.CDbConnection] Opening DB connection
2018/10/30 02:20:02 [trace] [system.db.CDbCommand] Querying SQL: SHOW COLUMNS FROM `ads`
2018/10/30 02:20:02 [trace] [system.db.CDbCommand] Querying SQL: SHOW CREATE TABLE `ads`
2018/10/30 02:20:02 [trace] [system.db.ar.CActiveRecord] Ads.findAll()
2018/10/30 02:20:02 [trace] [system.db.CDbCommand] Querying SQL: SELECT * FROM `ads` `t` WHERE `end_publishing_date` BETWEEN now() and DATE_ADD(NOW(), INTERVAL 3 DAY) ORDER BY publishing_date desc
2018/10/31 02:20:01 [trace] [system.CModule] Loading "log" application component
2018/10/31 02:20:01 [trace] [system.CModule] Loading "db" application component
2018/10/31 02:20:01 [trace] [system.db.CDbConnection] Opening DB connection
2018/10/31 02:20:01 [trace] [system.db.CDbCommand] Querying SQL: SHOW COLUMNS FROM `ads`
2018/10/31 02:20:01 [trace] [system.db.CDbCommand] Querying SQL: SHOW CREATE TABLE `ads`
2018/10/31 02:20:01 [trace] [system.db.ar.CActiveRecord] Ads.findAll()
2018/10/31 02:20:01 [trace] [system.db.CDbCommand] Querying SQL: SELECT * FROM `ads` `t` WHERE `end_publishing_date` BETWEEN now() and DATE_ADD(NOW(), INTERVAL 3 DAY) ORDER BY publishing_date desc
2018/11/01 02:20:02 [trace] [system.CModule] Loading "log" application component
2018/11/01 02:20:02 [trace] [system.CModule] Loading "db" application component
2018/11/01 02:20:02 [trace] [system.db.CDbConnection] Opening DB connection
2018/11/01 02:20:02 [trace] [system.db.CDbCommand] Querying SQL: SHOW COLUMNS FROM `ads`
2018/11/01 02:20:02 [trace] [system.db.CDbCommand] Querying SQL: SHOW CREATE TABLE `ads`
2018/11/01 02:20:02 [trace] [system.db.ar.CActiveRecord] Ads.findAll()
2018/11/01 02:20:02 [trace] [system.db.CDbCommand] Querying SQL: SELECT * FROM `ads` `t` WHERE `end_publishing_date` BETWEEN now() and DATE_ADD(NOW(), INTERVAL 3 DAY) ORDER BY publishing_date desc
2018/11/02 02:20:01 [trace] [system.CModule] Loading "log" application component
2018/11/02 02:20:01 [trace] [system.CModule] Loading "db" application component
2018/11/02 02:20:01 [trace] [system.db.CDbConnection] Opening DB connection
2018/11/02 02:20:01 [trace] [system.db.CDbCommand] Querying SQL: SHOW COLUMNS FROM `ads`
2018/11/02 02:20:01 [trace] [system.db.CDbCommand] Querying SQL: SHOW CREATE TABLE `ads`
2018/11/02 02:20:01 [trace] [system.db.ar.CActiveRecord] Ads.findAll()
2018/11/02 02:20:01 [trace] [system.db.CDbCommand] Querying SQL: SELECT * FROM `ads` `t` WHERE `end_publishing_date` BETWEEN now() and DATE_ADD(NOW(), INTERVAL 3 DAY) ORDER BY publishing_date desc
2018/11/03 02:20:04 [trace] [system.CModule] Loading "log" application component
2018/11/03 02:20:04 [trace] [system.CModule] Loading "db" application component
2018/11/03 02:20:04 [trace] [system.db.CDbConnection] Opening DB connection
2018/11/03 02:20:04 [trace] [system.db.CDbCommand] Querying SQL: SHOW COLUMNS FROM `ads`
2018/11/03 02:20:04 [trace] [system.db.CDbCommand] Querying SQL: SHOW CREATE TABLE `ads`
2018/11/03 02:20:04 [trace] [system.db.ar.CActiveRecord] Ads.findAll()
2018/11/03 02:20:04 [trace] [system.db.CDbCommand] Querying SQL: SELECT * FROM `ads` `t` WHERE `end_publishing_date` BETWEEN now() and DATE_ADD(NOW(), INTERVAL 3 DAY) ORDER BY publishing_date desc
2018/11/04 02:20:01 [trace] [system.CModule] Loading "log" application component
2018/11/04 02:20:02 [trace] [system.CModule] Loading "db" application component
2018/11/04 02:20:02 [trace] [system.db.CDbConnection] Opening DB connection
2018/11/04 02:20:02 [trace] [system.db.CDbCommand] Querying SQL: SHOW COLUMNS FROM `ads`
2018/11/04 02:20:03 [trace] [system.db.CDbCommand] Querying SQL: SHOW CREATE TABLE `ads`
2018/11/04 02:20:03 [trace] [system.db.ar.CActiveRecord] Ads.findAll()
2018/11/04 02:20:03 [trace] [system.db.CDbCommand] Querying SQL: SELECT * FROM `ads` `t` WHERE `end_publishing_date` BETWEEN now() and DATE_ADD(NOW(), INTERVAL 3 DAY) ORDER BY publishing_date desc
2018/11/05 02:20:01 [trace] [system.CModule] Loading "log" application component
2018/11/05 02:20:02 [trace] [system.CModule] Loading "db" application component
2018/11/05 02:20:02 [trace] [system.db.CDbConnection] Opening DB connection
2018/11/05 02:20:02 [trace] [system.db.CDbCommand] Querying SQL: SHOW COLUMNS FROM `ads`
2018/11/05 02:20:02 [trace] [system.db.CDbCommand] Querying SQL: SHOW CREATE TABLE `ads`
2018/11/05 02:20:02 [trace] [system.db.ar.CActiveRecord] Ads.findAll()
2018/11/05 02:20:02 [trace] [system.db.CDbCommand] Querying SQL: SELECT * FROM `ads` `t` WHERE `end_publishing_date` BETWEEN now() and DATE_ADD(NOW(), INTERVAL 3 DAY) ORDER BY publishing_date desc
2018/11/06 02:20:02 [trace] [system.CModule] Loading "log" application component
2018/11/06 02:20:02 [trace] [system.CModule] Loading "db" application component
2018/11/06 02:20:02 [trace] [system.db.CDbConnection] Opening DB connection
2018/11/06 02:20:02 [trace] [system.db.CDbCommand] Querying SQL: SHOW COLUMNS FROM `ads`
2018/11/06 02:20:02 [trace] [system.db.CDbCommand] Querying SQL: SHOW CREATE TABLE `ads`
2018/11/06 02:20:02 [trace] [system.db.ar.CActiveRecord] Ads.findAll()
2018/11/06 02:20:02 [trace] [system.db.CDbCommand] Querying SQL: SELECT * FROM `ads` `t` WHERE `end_publishing_date` BETWEEN now() and DATE_ADD(NOW(), INTERVAL 3 DAY) ORDER BY publishing_date desc
2018/11/07 02:20:01 [trace] [system.CModule] Loading "log" application component
2018/11/07 02:20:01 [trace] [system.CModule] Loading "db" application component
2018/11/07 02:20:01 [trace] [system.db.CDbConnection] Opening DB connection
2018/11/07 02:20:02 [trace] [system.db.CDbCommand] Querying SQL: SHOW COLUMNS FROM `ads`
2018/11/07 02:20:02 [trace] [system.db.CDbCommand] Querying SQL: SHOW CREATE TABLE `ads`
2018/11/07 02:20:02 [trace] [system.db.ar.CActiveRecord] Ads.findAll()
2018/11/07 02:20:02 [trace] [system.db.CDbCommand] Querying SQL: SELECT * FROM `ads` `t` WHERE `end_publishing_date` BETWEEN now() and DATE_ADD(NOW(), INTERVAL 3 DAY) ORDER BY publishing_date desc
2018/11/08 02:20:01 [trace] [system.CModule] Loading "log" application component
2018/11/08 02:20:01 [trace] [system.CModule] Loading "db" application component
2018/11/08 02:20:01 [trace] [system.db.CDbConnection] Opening DB connection
2018/11/08 02:20:01 [trace] [system.db.CDbCommand] Querying SQL: SHOW COLUMNS FROM `ads`
2018/11/08 02:20:01 [trace] [system.db.CDbCommand] Querying SQL: SHOW CREATE TABLE `ads`
2018/11/08 02:20:01 [trace] [system.db.ar.CActiveRecord] Ads.findAll()
2018/11/08 02:20:01 [trace] [system.db.CDbCommand] Querying SQL: SELECT * FROM `ads` `t` WHERE `end_publishing_date` BETWEEN now() and DATE_ADD(NOW(), INTERVAL 3 DAY) ORDER BY publishing_date desc
2018/11/09 02:20:01 [trace] [system.CModule] Loading "log" application component
2018/11/09 02:20:01 [trace] [system.CModule] Loading "db" application component
2018/11/09 02:20:01 [trace] [system.db.CDbConnection] Opening DB connection
2018/11/09 02:20:01 [trace] [system.db.CDbCommand] Querying SQL: SHOW COLUMNS FROM `ads`
2018/11/09 02:20:01 [trace] [system.db.CDbCommand] Querying SQL: SHOW CREATE TABLE `ads`
2018/11/09 02:20:01 [trace] [system.db.ar.CActiveRecord] Ads.findAll()
2018/11/09 02:20:01 [trace] [system.db.CDbCommand] Querying SQL: SELECT * FROM `ads` `t` WHERE `end_publishing_date` BETWEEN now() and DATE_ADD(NOW(), INTERVAL 3 DAY) ORDER BY publishing_date desc
2018/11/10 02:20:01 [trace] [system.CModule] Loading "log" application component
2018/11/10 02:20:01 [trace] [system.CModule] Loading "db" application component
2018/11/10 02:20:01 [trace] [system.db.CDbConnection] Opening DB connection
2018/11/10 02:20:01 [trace] [system.db.CDbCommand] Querying SQL: SHOW COLUMNS FROM `ads`
2018/11/10 02:20:01 [trace] [system.db.CDbCommand] Querying SQL: SHOW CREATE TABLE `ads`
2018/11/10 02:20:01 [trace] [system.db.ar.CActiveRecord] Ads.findAll()
2018/11/10 02:20:01 [trace] [system.db.CDbCommand] Querying SQL: SELECT * FROM `ads` `t` WHERE `end_publishing_date` BETWEEN now() and DATE_ADD(NOW(), INTERVAL 3 DAY) ORDER BY publishing_date desc
2018/11/11 02:20:01 [trace] [system.CModule] Loading "log" application component
2018/11/11 02:20:01 [trace] [system.CModule] Loading "db" application component
2018/11/11 02:20:01 [trace] [system.db.CDbConnection] Opening DB connection
2018/11/11 02:20:01 [trace] [system.db.CDbCommand] Querying SQL: SHOW COLUMNS FROM `ads`
2018/11/11 02:20:01 [trace] [system.db.CDbCommand] Querying SQL: SHOW CREATE TABLE `ads`
2018/11/11 02:20:01 [trace] [system.db.ar.CActiveRecord] Ads.findAll()
2018/11/11 02:20:01 [trace] [system.db.CDbCommand] Querying SQL: SELECT * FROM `ads` `t` WHERE `end_publishing_date` BETWEEN now() and DATE_ADD(NOW(), INTERVAL 3 DAY) ORDER BY publishing_date desc
2018/11/12 02:20:02 [trace] [system.CModule] Loading "log" application component
2018/11/12 02:20:02 [trace] [system.CModule] Loading "db" application component
2018/11/12 02:20:02 [trace] [system.db.CDbConnection] Opening DB connection
2018/11/12 02:20:02 [trace] [system.db.CDbCommand] Querying SQL: SHOW COLUMNS FROM `ads`
2018/11/12 02:20:02 [trace] [system.db.CDbCommand] Querying SQL: SHOW CREATE TABLE `ads`
2018/11/12 02:20:02 [trace] [system.db.ar.CActiveRecord] Ads.findAll()
2018/11/12 02:20:02 [trace] [system.db.CDbCommand] Querying SQL: SELECT * FROM `ads` `t` WHERE `end_publishing_date` BETWEEN now() and DATE_ADD(NOW(), INTERVAL 3 DAY) ORDER BY publishing_date desc
2018/11/13 02:20:01 [trace] [system.CModule] Loading "log" application component
2018/11/13 02:20:01 [trace] [system.CModule] Loading "db" application component
2018/11/13 02:20:01 [trace] [system.db.CDbConnection] Opening DB connection
2018/11/13 02:20:01 [trace] [system.db.CDbCommand] Querying SQL: SHOW COLUMNS FROM `ads`
2018/11/13 02:20:01 [trace] [system.db.CDbCommand] Querying SQL: SHOW CREATE TABLE `ads`
2018/11/13 02:20:01 [trace] [system.db.ar.CActiveRecord] Ads.findAll()
2018/11/13 02:20:01 [trace] [system.db.CDbCommand] Querying SQL: SELECT * FROM `ads` `t` WHERE `end_publishing_date` BETWEEN now() and DATE_ADD(NOW(), INTERVAL 3 DAY) ORDER BY publishing_date desc
2018/11/14 02:20:01 [trace] [system.CModule] Loading "log" application component
2018/11/14 02:20:01 [trace] [system.CModule] Loading "db" application component
2018/11/14 02:20:01 [trace] [system.db.CDbConnection] Opening DB connection
2018/11/14 02:20:01 [trace] [system.db.CDbCommand] Querying SQL: SHOW COLUMNS FROM `ads`
2018/11/14 02:20:01 [trace] [system.db.CDbCommand] Querying SQL: SHOW CREATE TABLE `ads`
2018/11/14 02:20:01 [trace] [system.db.ar.CActiveRecord] Ads.findAll()
2018/11/14 02:20:01 [trace] [system.db.CDbCommand] Querying SQL: SELECT * FROM `ads` `t` WHERE `end_publishing_date` BETWEEN now() and DATE_ADD(NOW(), INTERVAL 3 DAY) ORDER BY publishing_date desc
2018/11/15 02:20:01 [trace] [system.CModule] Loading "log" application component
2018/11/15 02:20:01 [trace] [system.CModule] Loading "db" application component
2018/11/15 02:20:01 [trace] [system.db.CDbConnection] Opening DB connection
2018/11/15 02:20:01 [trace] [system.db.CDbCommand] Querying SQL: SHOW COLUMNS FROM `ads`
2018/11/15 02:20:01 [trace] [system.db.CDbCommand] Querying SQL: SHOW CREATE TABLE `ads`
2018/11/15 02:20:01 [trace] [system.db.ar.CActiveRecord] Ads.findAll()
2018/11/15 02:20:01 [trace] [system.db.CDbCommand] Querying SQL: SELECT * FROM `ads` `t` WHERE `end_publishing_date` BETWEEN now() and DATE_ADD(NOW(), INTERVAL 3 DAY) ORDER BY publishing_date desc
2018/11/16 02:20:01 [trace] [system.CModule] Loading "log" application component
2018/11/16 02:20:01 [trace] [system.CModule] Loading "db" application component
2018/11/16 02:20:01 [trace] [system.db.CDbConnection] Opening DB connection
2018/11/16 02:20:01 [trace] [system.db.CDbCommand] Querying SQL: SHOW COLUMNS FROM `ads`
2018/11/16 02:20:02 [trace] [system.db.CDbCommand] Querying SQL: SHOW CREATE TABLE `ads`
2018/11/16 02:20:02 [trace] [system.db.ar.CActiveRecord] Ads.findAll()
2018/11/16 02:20:02 [trace] [system.db.CDbCommand] Querying SQL: SELECT * FROM `ads` `t` WHERE `end_publishing_date` BETWEEN now() and DATE_ADD(NOW(), INTERVAL 3 DAY) ORDER BY publishing_date desc
2018/11/17 02:20:02 [trace] [system.CModule] Loading "log" application component
2018/11/17 02:20:02 [trace] [system.CModule] Loading "db" application component
2018/11/17 02:20:02 [trace] [system.db.CDbConnection] Opening DB connection
2018/11/17 02:20:02 [trace] [system.db.CDbCommand] Querying SQL: SHOW COLUMNS FROM `ads`
2018/11/17 02:20:02 [trace] [system.db.CDbCommand] Querying SQL: SHOW CREATE TABLE `ads`
2018/11/17 02:20:02 [trace] [system.db.ar.CActiveRecord] Ads.findAll()
2018/11/17 02:20:02 [trace] [system.db.CDbCommand] Querying SQL: SELECT * FROM `ads` `t` WHERE `end_publishing_date` BETWEEN now() and DATE_ADD(NOW(), INTERVAL 3 DAY) ORDER BY publishing_date desc
2018/11/18 02:20:02 [trace] [system.CModule] Loading "log" application component
2018/11/18 02:20:02 [trace] [system.CModule] Loading "db" application component
2018/11/18 02:20:02 [trace] [system.db.CDbConnection] Opening DB connection
2018/11/18 02:20:02 [trace] [system.db.CDbCommand] Querying SQL: SHOW COLUMNS FROM `ads`
2018/11/18 02:20:02 [trace] [system.db.CDbCommand] Querying SQL: SHOW CREATE TABLE `ads`
2018/11/18 02:20:02 [trace] [system.db.ar.CActiveRecord] Ads.findAll()
2018/11/18 02:20:02 [trace] [system.db.CDbCommand] Querying SQL: SELECT * FROM `ads` `t` WHERE `end_publishing_date` BETWEEN now() and DATE_ADD(NOW(), INTERVAL 3 DAY) ORDER BY publishing_date desc
2018/11/19 02:20:01 [trace] [system.CModule] Loading "log" application component
2018/11/19 02:20:01 [trace] [system.CModule] Loading "db" application component
2018/11/19 02:20:01 [trace] [system.db.CDbConnection] Opening DB connection
2018/11/19 02:20:01 [trace] [system.db.CDbCommand] Querying SQL: SHOW COLUMNS FROM `ads`
2018/11/19 02:20:03 [trace] [system.db.CDbCommand] Querying SQL: SHOW CREATE TABLE `ads`
2018/11/19 02:20:03 [trace] [system.db.ar.CActiveRecord] Ads.findAll()
2018/11/19 02:20:03 [trace] [system.db.CDbCommand] Querying SQL: SELECT * FROM `ads` `t` WHERE `end_publishing_date` BETWEEN now() and DATE_ADD(NOW(), INTERVAL 3 DAY) ORDER BY publishing_date desc
2018/11/20 02:20:01 [trace] [system.CModule] Loading "log" application component
2018/11/20 02:20:01 [trace] [system.CModule] Loading "db" application component
2018/11/20 02:20:01 [trace] [system.db.CDbConnection] Opening DB connection
2018/11/20 02:20:01 [trace] [system.db.CDbCommand] Querying SQL: SHOW COLUMNS FROM `ads`
2018/11/20 02:20:01 [trace] [system.db.CDbCommand] Querying SQL: SHOW CREATE TABLE `ads`
2018/11/20 02:20:01 [trace] [system.db.ar.CActiveRecord] Ads.findAll()
2018/11/20 02:20:01 [trace] [system.db.CDbCommand] Querying SQL: SELECT * FROM `ads` `t` WHERE `end_publishing_date` BETWEEN now() and DATE_ADD(NOW(), INTERVAL 3 DAY) ORDER BY publishing_date desc
2018/11/21 02:20:01 [trace] [system.CModule] Loading "log" application component
2018/11/21 02:20:01 [trace] [system.CModule] Loading "db" application component
2018/11/21 02:20:01 [trace] [system.db.CDbConnection] Opening DB connection
2018/11/21 02:20:01 [trace] [system.db.CDbCommand] Querying SQL: SHOW COLUMNS FROM `ads`
2018/11/21 02:20:01 [trace] [system.db.CDbCommand] Querying SQL: SHOW CREATE TABLE `ads`
2018/11/21 02:20:01 [trace] [system.db.ar.CActiveRecord] Ads.findAll()
2018/11/21 02:20:01 [trace] [system.db.CDbCommand] Querying SQL: SELECT * FROM `ads` `t` WHERE `end_publishing_date` BETWEEN now() and DATE_ADD(NOW(), INTERVAL 3 DAY) ORDER BY publishing_date desc
2018/11/22 02:20:01 [trace] [system.CModule] Loading "log" application component
2018/11/22 02:20:01 [trace] [system.CModule] Loading "db" application component
2018/11/22 02:20:01 [trace] [system.db.CDbConnection] Opening DB connection
2018/11/22 02:20:01 [trace] [system.db.CDbCommand] Querying SQL: SHOW COLUMNS FROM `ads`
2018/11/22 02:20:01 [trace] [system.db.CDbCommand] Querying SQL: SHOW CREATE TABLE `ads`
2018/11/22 02:20:01 [trace] [system.db.ar.CActiveRecord] Ads.findAll()
2018/11/22 02:20:01 [trace] [system.db.CDbCommand] Querying SQL: SELECT * FROM `ads` `t` WHERE `end_publishing_date` BETWEEN now() and DATE_ADD(NOW(), INTERVAL 3 DAY) ORDER BY publishing_date desc
2018/11/23 02:20:01 [trace] [system.CModule] Loading "log" application component
2018/11/23 02:20:01 [trace] [system.CModule] Loading "db" application component
2018/11/23 02:20:01 [trace] [system.db.CDbConnection] Opening DB connection
2018/11/23 02:20:01 [trace] [system.db.CDbCommand] Querying SQL: SHOW COLUMNS FROM `ads`
2018/11/23 02:20:01 [trace] [system.db.CDbCommand] Querying SQL: SHOW CREATE TABLE `ads`
2018/11/23 02:20:01 [trace] [system.db.ar.CActiveRecord] Ads.findAll()
2018/11/23 02:20:01 [trace] [system.db.CDbCommand] Querying SQL: SELECT * FROM `ads` `t` WHERE `end_publishing_date` BETWEEN now() and DATE_ADD(NOW(), INTERVAL 3 DAY) ORDER BY publishing_date desc
2018/11/24 02:20:01 [trace] [system.CModule] Loading "log" application component
2018/11/24 02:20:01 [trace] [system.CModule] Loading "db" application component
2018/11/24 02:20:01 [trace] [system.db.CDbConnection] Opening DB connection
2018/11/24 02:20:01 [trace] [system.db.CDbCommand] Querying SQL: SHOW COLUMNS FROM `ads`
2018/11/24 02:20:01 [trace] [system.db.CDbCommand] Querying SQL: SHOW CREATE TABLE `ads`
2018/11/24 02:20:01 [trace] [system.db.ar.CActiveRecord] Ads.findAll()
2018/11/24 02:20:01 [trace] [system.db.CDbCommand] Querying SQL: SELECT * FROM `ads` `t` WHERE `end_publishing_date` BETWEEN now() and DATE_ADD(NOW(), INTERVAL 3 DAY) ORDER BY publishing_date desc
2018/11/25 02:20:01 [trace] [system.CModule] Loading "log" application component
2018/11/25 02:20:01 [trace] [system.CModule] Loading "db" application component
2018/11/25 02:20:01 [trace] [system.db.CDbConnection] Opening DB connection
2018/11/25 02:20:01 [trace] [system.db.CDbCommand] Querying SQL: SHOW COLUMNS FROM `ads`
2018/11/25 02:20:01 [trace] [system.db.CDbCommand] Querying SQL: SHOW CREATE TABLE `ads`
2018/11/25 02:20:01 [trace] [system.db.ar.CActiveRecord] Ads.findAll()
2018/11/25 02:20:01 [trace] [system.db.CDbCommand] Querying SQL: SELECT * FROM `ads` `t` WHERE `end_publishing_date` BETWEEN now() and DATE_ADD(NOW(), INTERVAL 3 DAY) ORDER BY publishing_date desc
2018/11/26 02:20:02 [trace] [system.CModule] Loading "log" application component
2018/11/26 02:20:02 [trace] [system.CModule] Loading "db" application component
2018/11/26 02:20:02 [trace] [system.db.CDbConnection] Opening DB connection
2018/11/26 02:20:02 [trace] [system.db.CDbCommand] Querying SQL: SHOW COLUMNS FROM `ads`
2018/11/26 02:20:02 [trace] [system.db.CDbCommand] Querying SQL: SHOW CREATE TABLE `ads`
2018/11/26 02:20:02 [trace] [system.db.ar.CActiveRecord] Ads.findAll()
2018/11/26 02:20:02 [trace] [system.db.CDbCommand] Querying SQL: SELECT * FROM `ads` `t` WHERE `end_publishing_date` BETWEEN now() and DATE_ADD(NOW(), INTERVAL 3 DAY) ORDER BY publishing_date desc
2018/11/27 02:20:02 [trace] [system.CModule] Loading "log" application component
2018/11/27 02:20:02 [trace] [system.CModule] Loading "db" application component
2018/11/27 02:20:02 [trace] [system.db.CDbConnection] Opening DB connection
2018/11/27 02:20:02 [trace] [system.db.CDbCommand] Querying SQL: SHOW COLUMNS FROM `ads`
2018/11/27 02:20:02 [trace] [system.db.CDbCommand] Querying SQL: SHOW CREATE TABLE `ads`
2018/11/27 02:20:02 [trace] [system.db.ar.CActiveRecord] Ads.findAll()
2018/11/27 02:20:02 [trace] [system.db.CDbCommand] Querying SQL: SELECT * FROM `ads` `t` WHERE `end_publishing_date` BETWEEN now() and DATE_ADD(NOW(), INTERVAL 3 DAY) ORDER BY publishing_date desc
2018/11/28 02:20:01 [trace] [system.CModule] Loading "log" application component
2018/11/28 02:20:02 [trace] [system.CModule] Loading "db" application component
2018/11/28 02:20:02 [trace] [system.db.CDbConnection] Opening DB connection
2018/11/28 02:20:02 [trace] [system.db.CDbCommand] Querying SQL: SHOW COLUMNS FROM `ads`
2018/11/28 02:20:02 [trace] [system.db.CDbCommand] Querying SQL: SHOW CREATE TABLE `ads`
2018/11/28 02:20:02 [trace] [system.db.ar.CActiveRecord] Ads.findAll()
2018/11/28 02:20:02 [trace] [system.db.CDbCommand] Querying SQL: SELECT * FROM `ads` `t` WHERE `end_publishing_date` BETWEEN now() and DATE_ADD(NOW(), INTERVAL 3 DAY) ORDER BY publishing_date desc
2018/11/29 02:20:02 [trace] [system.CModule] Loading "log" application component
2018/11/29 02:20:02 [trace] [system.CModule] Loading "db" application component
2018/11/29 02:20:02 [trace] [system.db.CDbConnection] Opening DB connection
2018/11/29 02:20:02 [trace] [system.db.CDbCommand] Querying SQL: SHOW COLUMNS FROM `ads`
2018/11/29 02:20:02 [trace] [system.db.CDbCommand] Querying SQL: SHOW CREATE TABLE `ads`
2018/11/29 02:20:02 [trace] [system.db.ar.CActiveRecord] Ads.findAll()
2018/11/29 02:20:02 [trace] [system.db.CDbCommand] Querying SQL: SELECT * FROM `ads` `t` WHERE `end_publishing_date` BETWEEN now() and DATE_ADD(NOW(), INTERVAL 3 DAY) ORDER BY publishing_date desc
2018/11/30 02:20:01 [trace] [system.CModule] Loading "log" application component
2018/11/30 02:20:01 [trace] [system.CModule] Loading "db" application component
2018/11/30 02:20:01 [trace] [system.db.CDbConnection] Opening DB connection
2018/11/30 02:20:01 [trace] [system.db.CDbCommand] Querying SQL: SHOW COLUMNS FROM `ads`
2018/11/30 02:20:01 [trace] [system.db.CDbCommand] Querying SQL: SHOW CREATE TABLE `ads`
2018/11/30 02:20:01 [trace] [system.db.ar.CActiveRecord] Ads.findAll()
2018/11/30 02:20:01 [trace] [system.db.CDbCommand] Querying SQL: SELECT * FROM `ads` `t` WHERE `end_publishing_date` BETWEEN now() and DATE_ADD(NOW(), INTERVAL 3 DAY) ORDER BY publishing_date desc
2018/12/01 02:20:01 [trace] [system.CModule] Loading "log" application component
2018/12/01 02:20:01 [trace] [system.CModule] Loading "db" application component
2018/12/01 02:20:01 [trace] [system.db.CDbConnection] Opening DB connection
2018/12/01 02:20:01 [trace] [system.db.CDbCommand] Querying SQL: SHOW COLUMNS FROM `ads`
2018/12/01 02:20:01 [trace] [system.db.CDbCommand] Querying SQL: SHOW CREATE TABLE `ads`
2018/12/01 02:20:01 [trace] [system.db.ar.CActiveRecord] Ads.findAll()
2018/12/01 02:20:01 [trace] [system.db.CDbCommand] Querying SQL: SELECT * FROM `ads` `t` WHERE `end_publishing_date` BETWEEN now() and DATE_ADD(NOW(), INTERVAL 3 DAY) ORDER BY publishing_date desc
2018/12/02 02:20:01 [trace] [system.CModule] Loading "log" application component
2018/12/02 02:20:01 [trace] [system.CModule] Loading "db" application component
2018/12/02 02:20:01 [trace] [system.db.CDbConnection] Opening DB connection
2018/12/02 02:20:01 [trace] [system.db.CDbCommand] Querying SQL: SHOW COLUMNS FROM `ads`
2018/12/02 02:20:01 [trace] [system.db.CDbCommand] Querying SQL: SHOW CREATE TABLE `ads`
2018/12/02 02:20:01 [trace] [system.db.ar.CActiveRecord] Ads.findAll()
2018/12/02 02:20:01 [trace] [system.db.CDbCommand] Querying SQL: SELECT * FROM `ads` `t` WHERE `end_publishing_date` BETWEEN now() and DATE_ADD(NOW(), INTERVAL 3 DAY) ORDER BY publishing_date desc
2018/12/03 02:20:02 [trace] [system.CModule] Loading "log" application component
2018/12/03 02:20:02 [trace] [system.CModule] Loading "db" application component
2018/12/03 02:20:02 [trace] [system.db.CDbConnection] Opening DB connection
2018/12/03 02:20:02 [trace] [system.db.CDbCommand] Querying SQL: SHOW COLUMNS FROM `ads`
2018/12/03 02:20:02 [trace] [system.db.CDbCommand] Querying SQL: SHOW CREATE TABLE `ads`
2018/12/03 02:20:02 [trace] [system.db.ar.CActiveRecord] Ads.findAll()
2018/12/03 02:20:02 [trace] [system.db.CDbCommand] Querying SQL: SELECT * FROM `ads` `t` WHERE `end_publishing_date` BETWEEN now() and DATE_ADD(NOW(), INTERVAL 3 DAY) ORDER BY publishing_date desc
2018/12/04 02:20:01 [trace] [system.CModule] Loading "log" application component
2018/12/04 02:20:01 [trace] [system.CModule] Loading "db" application component
2018/12/04 02:20:01 [trace] [system.db.CDbConnection] Opening DB connection
2018/12/04 02:20:01 [trace] [system.db.CDbCommand] Querying SQL: SHOW COLUMNS FROM `ads`
2018/12/04 02:20:01 [trace] [system.db.CDbCommand] Querying SQL: SHOW CREATE TABLE `ads`
2018/12/04 02:20:01 [trace] [system.db.ar.CActiveRecord] Ads.findAll()
2018/12/04 02:20:01 [trace] [system.db.CDbCommand] Querying SQL: SELECT * FROM `ads` `t` WHERE `end_publishing_date` BETWEEN now() and DATE_ADD(NOW(), INTERVAL 3 DAY) ORDER BY publishing_date desc
2018/12/05 02:20:01 [trace] [system.CModule] Loading "log" application component
2018/12/05 02:20:01 [trace] [system.CModule] Loading "db" application component
2018/12/05 02:20:01 [trace] [system.db.CDbConnection] Opening DB connection
2018/12/05 02:20:01 [trace] [system.db.CDbCommand] Querying SQL: SHOW COLUMNS FROM `ads`
2018/12/05 02:20:01 [trace] [system.db.CDbCommand] Querying SQL: SHOW CREATE TABLE `ads`
2018/12/05 02:20:01 [trace] [system.db.ar.CActiveRecord] Ads.findAll()
2018/12/05 02:20:01 [trace] [system.db.CDbCommand] Querying SQL: SELECT * FROM `ads` `t` WHERE `end_publishing_date` BETWEEN now() and DATE_ADD(NOW(), INTERVAL 3 DAY) ORDER BY publishing_date desc
2018/12/06 02:20:01 [trace] [system.CModule] Loading "log" application component
2018/12/06 02:20:01 [trace] [system.CModule] Loading "db" application component
2018/12/06 02:20:01 [trace] [system.db.CDbConnection] Opening DB connection
2018/12/06 02:20:01 [trace] [system.db.CDbCommand] Querying SQL: SHOW COLUMNS FROM `ads`
2018/12/06 02:20:01 [trace] [system.db.CDbCommand] Querying SQL: SHOW CREATE TABLE `ads`
2018/12/06 02:20:01 [trace] [system.db.ar.CActiveRecord] Ads.findAll()
2018/12/06 02:20:01 [trace] [system.db.CDbCommand] Querying SQL: SELECT * FROM `ads` `t` WHERE `end_publishing_date` BETWEEN now() and DATE_ADD(NOW(), INTERVAL 3 DAY) ORDER BY publishing_date desc
2018/12/07 02:20:01 [trace] [system.CModule] Loading "log" application component
2018/12/07 02:20:01 [trace] [system.CModule] Loading "db" application component
2018/12/07 02:20:01 [trace] [system.db.CDbConnection] Opening DB connection
2018/12/07 02:20:02 [trace] [system.db.CDbCommand] Querying SQL: SHOW COLUMNS FROM `ads`
2018/12/07 02:20:02 [trace] [system.db.CDbCommand] Querying SQL: SHOW CREATE TABLE `ads`
2018/12/07 02:20:02 [trace] [system.db.ar.CActiveRecord] Ads.findAll()
2018/12/07 02:20:02 [trace] [system.db.CDbCommand] Querying SQL: SELECT * FROM `ads` `t` WHERE `end_publishing_date` BETWEEN now() and DATE_ADD(NOW(), INTERVAL 3 DAY) ORDER BY publishing_date desc
2018/12/08 02:20:02 [trace] [system.CModule] Loading "log" application component
2018/12/08 02:20:02 [trace] [system.CModule] Loading "db" application component
2018/12/08 02:20:02 [trace] [system.db.CDbConnection] Opening DB connection
2018/12/08 02:20:02 [trace] [system.db.CDbCommand] Querying SQL: SHOW COLUMNS FROM `ads`
2018/12/08 02:20:02 [trace] [system.db.CDbCommand] Querying SQL: SHOW CREATE TABLE `ads`
2018/12/08 02:20:02 [trace] [system.db.ar.CActiveRecord] Ads.findAll()
2018/12/08 02:20:02 [trace] [system.db.CDbCommand] Querying SQL: SELECT * FROM `ads` `t` WHERE `end_publishing_date` BETWEEN now() and DATE_ADD(NOW(), INTERVAL 3 DAY) ORDER BY publishing_date desc
2018/12/09 02:20:02 [trace] [system.CModule] Loading "log" application component
2018/12/09 02:20:02 [trace] [system.CModule] Loading "db" application component
2018/12/09 02:20:02 [trace] [system.db.CDbConnection] Opening DB connection
2018/12/09 02:20:02 [trace] [system.db.CDbCommand] Querying SQL: SHOW COLUMNS FROM `ads`
2018/12/09 02:20:02 [trace] [system.db.CDbCommand] Querying SQL: SHOW CREATE TABLE `ads`
2018/12/09 02:20:02 [trace] [system.db.ar.CActiveRecord] Ads.findAll()
2018/12/09 02:20:02 [trace] [system.db.CDbCommand] Querying SQL: SELECT * FROM `ads` `t` WHERE `end_publishing_date` BETWEEN now() and DATE_ADD(NOW(), INTERVAL 3 DAY) ORDER BY publishing_date desc
2018/12/10 02:20:02 [trace] [system.CModule] Loading "log" application component
2018/12/10 02:20:02 [trace] [system.CModule] Loading "db" application component
2018/12/10 02:20:02 [trace] [system.db.CDbConnection] Opening DB connection
2018/12/10 02:20:02 [trace] [system.db.CDbCommand] Querying SQL: SHOW COLUMNS FROM `ads`
2018/12/10 02:20:02 [trace] [system.db.CDbCommand] Querying SQL: SHOW CREATE TABLE `ads`
2018/12/10 02:20:02 [trace] [system.db.ar.CActiveRecord] Ads.findAll()
2018/12/10 02:20:02 [trace] [system.db.CDbCommand] Querying SQL: SELECT * FROM `ads` `t` WHERE `end_publishing_date` BETWEEN now() and DATE_ADD(NOW(), INTERVAL 3 DAY) ORDER BY publishing_date desc
2018/12/11 02:20:01 [trace] [system.CModule] Loading "log" application component
2018/12/11 02:20:01 [trace] [system.CModule] Loading "db" application component
2018/12/11 02:20:01 [trace] [system.db.CDbConnection] Opening DB connection
2018/12/11 02:20:01 [trace] [system.db.CDbCommand] Querying SQL: SHOW COLUMNS FROM `ads`
2018/12/11 02:20:01 [trace] [system.db.CDbCommand] Querying SQL: SHOW CREATE TABLE `ads`
2018/12/11 02:20:01 [trace] [system.db.ar.CActiveRecord] Ads.findAll()
2018/12/11 02:20:01 [trace] [system.db.CDbCommand] Querying SQL: SELECT * FROM `ads` `t` WHERE `end_publishing_date` BETWEEN now() and DATE_ADD(NOW(), INTERVAL 3 DAY) ORDER BY publishing_date desc
2018/12/12 02:20:01 [trace] [system.CModule] Loading "log" application component
2018/12/12 02:20:01 [trace] [system.CModule] Loading "db" application component
2018/12/12 02:20:01 [trace] [system.db.CDbConnection] Opening DB connection
2018/12/12 02:20:01 [trace] [system.db.CDbCommand] Querying SQL: SHOW COLUMNS FROM `ads`
2018/12/12 02:20:01 [trace] [system.db.CDbCommand] Querying SQL: SHOW CREATE TABLE `ads`
2018/12/12 02:20:01 [trace] [system.db.ar.CActiveRecord] Ads.findAll()
2018/12/12 02:20:01 [trace] [system.db.CDbCommand] Querying SQL: SELECT * FROM `ads` `t` WHERE `end_publishing_date` BETWEEN now() and DATE_ADD(NOW(), INTERVAL 3 DAY) ORDER BY publishing_date desc
2018/12/13 02:20:01 [trace] [system.CModule] Loading "log" application component
2018/12/13 02:20:01 [trace] [system.CModule] Loading "db" application component
2018/12/13 02:20:01 [trace] [system.db.CDbConnection] Opening DB connection
2018/12/13 02:20:02 [trace] [system.db.CDbCommand] Querying SQL: SHOW COLUMNS FROM `ads`
2018/12/13 02:20:02 [trace] [system.db.CDbCommand] Querying SQL: SHOW CREATE TABLE `ads`
2018/12/13 02:20:02 [trace] [system.db.ar.CActiveRecord] Ads.findAll()
2018/12/13 02:20:02 [trace] [system.db.CDbCommand] Querying SQL: SELECT * FROM `ads` `t` WHERE `end_publishing_date` BETWEEN now() and DATE_ADD(NOW(), INTERVAL 3 DAY) ORDER BY publishing_date desc
2018/12/14 02:20:02 [trace] [system.CModule] Loading "log" application component
2018/12/14 02:20:02 [trace] [system.CModule] Loading "db" application component
2018/12/14 02:20:02 [trace] [system.db.CDbConnection] Opening DB connection
2018/12/14 02:20:02 [trace] [system.db.CDbCommand] Querying SQL: SHOW COLUMNS FROM `ads`
2018/12/14 02:20:02 [trace] [system.db.CDbCommand] Querying SQL: SHOW CREATE TABLE `ads`
2018/12/14 02:20:02 [trace] [system.db.ar.CActiveRecord] Ads.findAll()
2018/12/14 02:20:02 [trace] [system.db.CDbCommand] Querying SQL: SELECT * FROM `ads` `t` WHERE `end_publishing_date` BETWEEN now() and DATE_ADD(NOW(), INTERVAL 3 DAY) ORDER BY publishing_date desc
2018/12/15 02:20:02 [trace] [system.CModule] Loading "log" application component
2018/12/15 02:20:02 [trace] [system.CModule] Loading "db" application component
2018/12/15 02:20:02 [trace] [system.db.CDbConnection] Opening DB connection
2018/12/15 02:20:02 [trace] [system.db.CDbCommand] Querying SQL: SHOW COLUMNS FROM `ads`
2018/12/15 02:20:02 [trace] [system.db.CDbCommand] Querying SQL: SHOW CREATE TABLE `ads`
2018/12/15 02:20:02 [trace] [system.db.ar.CActiveRecord] Ads.findAll()
2018/12/15 02:20:02 [trace] [system.db.CDbCommand] Querying SQL: SELECT * FROM `ads` `t` WHERE `end_publishing_date` BETWEEN now() and DATE_ADD(NOW(), INTERVAL 3 DAY) ORDER BY publishing_date desc
2018/12/16 02:20:01 [trace] [system.CModule] Loading "log" application component
2018/12/16 02:20:01 [trace] [system.CModule] Loading "db" application component
2018/12/16 02:20:01 [trace] [system.db.CDbConnection] Opening DB connection
2018/12/16 02:20:01 [trace] [system.db.CDbCommand] Querying SQL: SHOW COLUMNS FROM `ads`
2018/12/16 02:20:01 [trace] [system.db.CDbCommand] Querying SQL: SHOW CREATE TABLE `ads`
2018/12/16 02:20:01 [trace] [system.db.ar.CActiveRecord] Ads.findAll()
2018/12/16 02:20:01 [trace] [system.db.CDbCommand] Querying SQL: SELECT * FROM `ads` `t` WHERE `end_publishing_date` BETWEEN now() and DATE_ADD(NOW(), INTERVAL 3 DAY) ORDER BY publishing_date desc
2018/12/17 02:20:01 [trace] [system.CModule] Loading "log" application component
2018/12/17 02:20:01 [trace] [system.CModule] Loading "db" application component
2018/12/17 02:20:01 [trace] [system.db.CDbConnection] Opening DB connection
2018/12/17 02:20:01 [trace] [system.db.CDbCommand] Querying SQL: SHOW COLUMNS FROM `ads`
2018/12/17 02:20:01 [trace] [system.db.CDbCommand] Querying SQL: SHOW CREATE TABLE `ads`
2018/12/17 02:20:01 [trace] [system.db.ar.CActiveRecord] Ads.findAll()
2018/12/17 02:20:01 [trace] [system.db.CDbCommand] Querying SQL: SELECT * FROM `ads` `t` WHERE `end_publishing_date` BETWEEN now() and DATE_ADD(NOW(), INTERVAL 3 DAY) ORDER BY publishing_date desc
2018/12/18 02:20:01 [trace] [system.CModule] Loading "log" application component
2018/12/18 02:20:01 [trace] [system.CModule] Loading "db" application component
2018/12/18 02:20:01 [trace] [system.db.CDbConnection] Opening DB connection
2018/12/18 02:20:01 [trace] [system.db.CDbCommand] Querying SQL: SHOW COLUMNS FROM `ads`
2018/12/18 02:20:01 [trace] [system.db.CDbCommand] Querying SQL: SHOW CREATE TABLE `ads`
2018/12/18 02:20:01 [trace] [system.db.ar.CActiveRecord] Ads.findAll()
2018/12/18 02:20:01 [trace] [system.db.CDbCommand] Querying SQL: SELECT * FROM `ads` `t` WHERE `end_publishing_date` BETWEEN now() and DATE_ADD(NOW(), INTERVAL 3 DAY) ORDER BY publishing_date desc
2018/12/19 02:20:01 [trace] [system.CModule] Loading "log" application component
2018/12/19 02:20:01 [trace] [system.CModule] Loading "db" application component
2018/12/19 02:20:01 [trace] [system.db.CDbConnection] Opening DB connection
2018/12/19 02:20:01 [trace] [system.db.CDbCommand] Querying SQL: SHOW COLUMNS FROM `ads`
2018/12/19 02:20:01 [trace] [system.db.CDbCommand] Querying SQL: SHOW CREATE TABLE `ads`
2018/12/19 02:20:01 [trace] [system.db.ar.CActiveRecord] Ads.findAll()
2018/12/19 02:20:01 [trace] [system.db.CDbCommand] Querying SQL: SELECT * FROM `ads` `t` WHERE `end_publishing_date` BETWEEN now() and DATE_ADD(NOW(), INTERVAL 3 DAY) ORDER BY publishing_date desc
2018/12/20 02:20:02 [trace] [system.CModule] Loading "log" application component
2018/12/20 02:20:02 [trace] [system.CModule] Loading "db" application component
2018/12/20 02:20:02 [trace] [system.db.CDbConnection] Opening DB connection
2018/12/20 02:20:02 [trace] [system.db.CDbCommand] Querying SQL: SHOW COLUMNS FROM `ads`
2018/12/20 02:20:02 [trace] [system.db.CDbCommand] Querying SQL: SHOW CREATE TABLE `ads`
2018/12/20 02:20:02 [trace] [system.db.ar.CActiveRecord] Ads.findAll()
2018/12/20 02:20:02 [trace] [system.db.CDbCommand] Querying SQL: SELECT * FROM `ads` `t` WHERE `end_publishing_date` BETWEEN now() and DATE_ADD(NOW(), INTERVAL 3 DAY) ORDER BY publishing_date desc
2018/12/21 02:20:01 [trace] [system.CModule] Loading "log" application component
2018/12/21 02:20:01 [trace] [system.CModule] Loading "db" application component
2018/12/21 02:20:01 [trace] [system.db.CDbConnection] Opening DB connection
2018/12/21 02:20:01 [trace] [system.db.CDbCommand] Querying SQL: SHOW COLUMNS FROM `ads`
2018/12/21 02:20:01 [trace] [system.db.CDbCommand] Querying SQL: SHOW CREATE TABLE `ads`
2018/12/21 02:20:01 [trace] [system.db.ar.CActiveRecord] Ads.findAll()
2018/12/21 02:20:01 [trace] [system.db.CDbCommand] Querying SQL: SELECT * FROM `ads` `t` WHERE `end_publishing_date` BETWEEN now() and DATE_ADD(NOW(), INTERVAL 3 DAY) ORDER BY publishing_date desc
2018/12/22 02:20:02 [trace] [system.CModule] Loading "log" application component
2018/12/22 02:20:02 [trace] [system.CModule] Loading "db" application component
2018/12/22 02:20:02 [trace] [system.db.CDbConnection] Opening DB connection
2018/12/22 02:20:02 [trace] [system.db.CDbCommand] Querying SQL: SHOW COLUMNS FROM `ads`
2018/12/22 02:20:02 [trace] [system.db.CDbCommand] Querying SQL: SHOW CREATE TABLE `ads`
2018/12/22 02:20:02 [trace] [system.db.ar.CActiveRecord] Ads.findAll()
2018/12/22 02:20:02 [trace] [system.db.CDbCommand] Querying SQL: SELECT * FROM `ads` `t` WHERE `end_publishing_date` BETWEEN now() and DATE_ADD(NOW(), INTERVAL 3 DAY) ORDER BY publishing_date desc
2018/12/23 02:20:01 [trace] [system.CModule] Loading "log" application component
2018/12/23 02:20:01 [trace] [system.CModule] Loading "db" application component
2018/12/23 02:20:01 [trace] [system.db.CDbConnection] Opening DB connection
2018/12/23 02:20:01 [trace] [system.db.CDbCommand] Querying SQL: SHOW COLUMNS FROM `ads`
2018/12/23 02:20:01 [trace] [system.db.CDbCommand] Querying SQL: SHOW CREATE TABLE `ads`
2018/12/23 02:20:01 [trace] [system.db.ar.CActiveRecord] Ads.findAll()
2018/12/23 02:20:01 [trace] [system.db.CDbCommand] Querying SQL: SELECT * FROM `ads` `t` WHERE `end_publishing_date` BETWEEN now() and DATE_ADD(NOW(), INTERVAL 3 DAY) ORDER BY publishing_date desc
2018/12/24 02:20:02 [trace] [system.CModule] Loading "log" application component
2018/12/24 02:20:02 [trace] [system.CModule] Loading "db" application component
2018/12/24 02:20:02 [trace] [system.db.CDbConnection] Opening DB connection
2018/12/24 02:20:02 [trace] [system.db.CDbCommand] Querying SQL: SHOW COLUMNS FROM `ads`
2018/12/24 02:20:02 [trace] [system.db.CDbCommand] Querying SQL: SHOW CREATE TABLE `ads`
2018/12/24 02:20:02 [trace] [system.db.ar.CActiveRecord] Ads.findAll()
2018/12/24 02:20:02 [trace] [system.db.CDbCommand] Querying SQL: SELECT * FROM `ads` `t` WHERE `end_publishing_date` BETWEEN now() and DATE_ADD(NOW(), INTERVAL 3 DAY) ORDER BY publishing_date desc
2018/12/25 02:20:02 [trace] [system.CModule] Loading "log" application component
2018/12/25 02:20:02 [trace] [system.CModule] Loading "db" application component
2018/12/25 02:20:02 [trace] [system.db.CDbConnection] Opening DB connection
2018/12/25 02:20:02 [trace] [system.db.CDbCommand] Querying SQL: SHOW COLUMNS FROM `ads`
2018/12/25 02:20:02 [trace] [system.db.CDbCommand] Querying SQL: SHOW CREATE TABLE `ads`
2018/12/25 02:20:02 [trace] [system.db.ar.CActiveRecord] Ads.findAll()
2018/12/25 02:20:02 [trace] [system.db.CDbCommand] Querying SQL: SELECT * FROM `ads` `t` WHERE `end_publishing_date` BETWEEN now() and DATE_ADD(NOW(), INTERVAL 3 DAY) ORDER BY publishing_date desc
2018/12/26 02:20:01 [trace] [system.CModule] Loading "log" application component
2018/12/26 02:20:01 [trace] [system.CModule] Loading "db" application component
2018/12/26 02:20:01 [trace] [system.db.CDbConnection] Opening DB connection
2018/12/26 02:20:01 [trace] [system.db.CDbCommand] Querying SQL: SHOW COLUMNS FROM `ads`
2018/12/26 02:20:01 [trace] [system.db.CDbCommand] Querying SQL: SHOW CREATE TABLE `ads`
2018/12/26 02:20:01 [trace] [system.db.ar.CActiveRecord] Ads.findAll()
2018/12/26 02:20:01 [trace] [system.db.CDbCommand] Querying SQL: SELECT * FROM `ads` `t` WHERE `end_publishing_date` BETWEEN now() and DATE_ADD(NOW(), INTERVAL 3 DAY) ORDER BY publishing_date desc
2018/12/27 02:20:01 [trace] [system.CModule] Loading "log" application component
2018/12/27 02:20:01 [trace] [system.CModule] Loading "db" application component
2018/12/27 02:20:01 [trace] [system.db.CDbConnection] Opening DB connection
2018/12/27 02:20:01 [trace] [system.db.CDbCommand] Querying SQL: SHOW COLUMNS FROM `ads`
2018/12/27 02:20:02 [trace] [system.db.CDbCommand] Querying SQL: SHOW CREATE TABLE `ads`
2018/12/27 02:20:02 [trace] [system.db.ar.CActiveRecord] Ads.findAll()
2018/12/27 02:20:02 [trace] [system.db.CDbCommand] Querying SQL: SELECT * FROM `ads` `t` WHERE `end_publishing_date` BETWEEN now() and DATE_ADD(NOW(), INTERVAL 3 DAY) ORDER BY publishing_date desc
2018/12/28 02:20:02 [trace] [system.CModule] Loading "log" application component
2018/12/28 02:20:02 [trace] [system.CModule] Loading "db" application component
2018/12/28 02:20:02 [trace] [system.db.CDbConnection] Opening DB connection
2018/12/28 02:20:02 [trace] [system.db.CDbCommand] Querying SQL: SHOW COLUMNS FROM `ads`
2018/12/28 02:20:02 [trace] [system.db.CDbCommand] Querying SQL: SHOW CREATE TABLE `ads`
2018/12/28 02:20:02 [trace] [system.db.ar.CActiveRecord] Ads.findAll()
2018/12/28 02:20:02 [trace] [system.db.CDbCommand] Querying SQL: SELECT * FROM `ads` `t` WHERE `end_publishing_date` BETWEEN now() and DATE_ADD(NOW(), INTERVAL 3 DAY) ORDER BY publishing_date desc
2018/12/29 02:20:01 [trace] [system.CModule] Loading "log" application component
2018/12/29 02:20:01 [trace] [system.CModule] Loading "db" application component
2018/12/29 02:20:01 [trace] [system.db.CDbConnection] Opening DB connection
2018/12/29 02:20:01 [trace] [system.db.CDbCommand] Querying SQL: SHOW COLUMNS FROM `ads`
2018/12/29 02:20:01 [trace] [system.db.CDbCommand] Querying SQL: SHOW CREATE TABLE `ads`
2018/12/29 02:20:01 [trace] [system.db.ar.CActiveRecord] Ads.findAll()
2018/12/29 02:20:01 [trace] [system.db.CDbCommand] Querying SQL: SELECT * FROM `ads` `t` WHERE `end_publishing_date` BETWEEN now() and DATE_ADD(NOW(), INTERVAL 3 DAY) ORDER BY publishing_date desc
2018/12/30 02:20:01 [trace] [system.CModule] Loading "log" application component
2018/12/30 02:20:01 [trace] [system.CModule] Loading "db" application component
2018/12/30 02:20:01 [trace] [system.db.CDbConnection] Opening DB connection
2018/12/30 02:20:01 [trace] [system.db.CDbCommand] Querying SQL: SHOW COLUMNS FROM `ads`
2018/12/30 02:20:01 [trace] [system.db.CDbCommand] Querying SQL: SHOW CREATE TABLE `ads`
2018/12/30 02:20:01 [trace] [system.db.ar.CActiveRecord] Ads.findAll()
2018/12/30 02:20:01 [trace] [system.db.CDbCommand] Querying SQL: SELECT * FROM `ads` `t` WHERE `end_publishing_date` BETWEEN now() and DATE_ADD(NOW(), INTERVAL 3 DAY) ORDER BY publishing_date desc
