INFO    |091019 15:45:22|--------------------------------------------------------------------------------
INFO    |091019 15:45:22|JoomlaPack 2.3.1 (2009-08-19)
INFO    |091019 15:45:22|Got backup?
INFO    |091019 15:45:22|--------------------------------------------------------------------------------
INFO    |091019 15:45:22|--- System Information ---
INFO    |091019 15:45:22|PHP Version        :5.2.5-pl1-gentoo
INFO    |091019 15:45:22|OS Version         :Linux
INFO    |091019 15:45:22|DB Version         :5.0.44-log
INFO    |091019 15:45:22|DB Collation       :utf8_general_ci
INFO    |091019 15:45:22|Web Server         :Apache
INFO    |091019 15:45:22|PHP Interface      :apache2handler
INFO    |091019 15:45:22|Joomla! version    :Joomla! 1.5.14 Stable [ Wojmamni Ama Naiki ] 30-July-2009 23:00 GMT
INFO    |091019 15:45:22|Mozilla/5.0 (Windows; U; Windows NT 6.1; ru; rv:1.9.0.10) Gecko/2009042316 Firefox/3.0.10 (.NET CLR 3.5.30729) WebMoney Advisor
INFO    |091019 15:45:22|Safe mode          :0
INFO    |091019 15:45:22|Display errors     :1
INFO    |091019 15:45:22|Error reporting    :E_ERROR | E_WARNING | E_PARSE | E_CORE_ERROR | E_CORE_WARNING | E_COMPILE_ERROR | E_COMPILE_WARNING | E_USER_ERROR | E_USER_WARNING | E_USER_NOTICE
INFO    |091019 15:45:22|Disabled functions :
INFO    |091019 15:45:22|open_basedir restr.:/var/www/vLMuRyRM:/usr/lib/php:/tmp
INFO    |091019 15:45:22|Max. exec. time    :600
INFO    |091019 15:45:22|Memory limit       :64M
INFO    |091019 15:45:22|Current mem. usage :9386144
INFO    |091019 15:45:22|GZIP Compression   : available (good)
INFO    |091019 15:45:22|JPATH_BASE         :<root>/administrator
INFO    |091019 15:45:22|JPATH_ROOT         :<root>
INFO    |091019 15:45:22|JPATH_CACHE        :<root>/administrator/cache
INFO    |091019 15:45:22|Output directory   :<root>/administrator/backups
INFO    |091019 15:45:22|Temporary directory:<root>/tmp
INFO    |091019 15:45:22|BASE64 Encoding    :Available; will be used for temp vars
INFO    |091019 15:45:22|CUBEObject Storage :Temporary file
INFO    |091019 15:45:22|--------------------------------------------------------------------------------
INFO    |091019 15:45:22|JoomlaPack has detected the following potential problems:
INFO    |091019 15:45:22|- 401 ZIP format selected (low)
INFO    |091019 15:45:22|You probably do not have to worry about them, but you should be aware of them.
INFO    |091019 15:45:22|--------------------------------------------------------------------------------
INFO    |091019 15:45:22|Loading profile #1
INFO    |091019 15:45:22|JoomlaPack is starting a new full site backup
DEBUG   |091019 15:45:22|Creating packer engine of type zip
DEBUG   |091019 15:45:22|Trying to read engine setup data for packer
DEBUG   |091019 15:45:22|Trying to include engine file engine.packer.zip
DEBUG   |091019 15:45:22|Instanciating JoomlapackPackerZIP
DEBUG   |091019 15:45:22|JoomlapackPackerZIP :: New instance
DEBUG   |091019 15:45:22|Chunk size for CRC is now 1048576 bytes
DEBUG   |091019 15:45:22|Archive template name: site-[HOST]-[DATE]-[TIME]
DEBUG   |091019 15:45:22|Expanded template name: site-6.ukr-site.net-20091019-124522
DEBUG   |091019 15:45:22|Archive template name: site-[HOST]-[DATE]-[TIME]
DEBUG   |091019 15:45:22|Expanded template name: site-6.ukr-site.net-20091019-124522
DEBUG   |091019 15:45:22|Calculated archive absolute path: <root>/administrator/backups/site-6.ukr-site.net-20091019-124522.zip
DEBUG   |091019 15:45:22|Backup type is now set to 'full'
DEBUG   |091019 15:45:22|Expanded archive file name: <root>/administrator/backups/site-6.ukr-site.net-20091019-124522.zip
DEBUG   |091019 15:45:22|Seeding archive with installer
DEBUG   |091019 15:45:22|JoomlapackPackerZIP :: initialize - archive <root>/administrator/backups/site-6.ukr-site.net-20091019-124522.zip
INFO    |091019 15:45:22|JoomlapackPackerZIP :: Split ZIP creation enabled
DEBUG   |091019 15:45:22|JoomlapackPackerZIP :: CntDir Tempfile = <root>/tmp/jpzcd3iTeAB
DEBUG   |091019 15:45:22|JoomlapackPackerZIP :: Killing old archive
DEBUG   |091019 15:45:22|Updating multipart status to 1
DEBUG   |091019 15:45:22|Saving CUBEObject instance
INFO    |091019 15:45:22|Creating new CUBEObject storage file: <root>/tmp/jpjWkhKB
DEBUG   |091019 15:45:24|JoomlapackCUBE::getInstance - Loading from database
DEBUG   |091019 15:45:24|====== Starting Step number 1 ======
DEBUG   |091019 15:45:24|CUBE :: Domain 'init' has finished
DEBUG   |091019 15:45:24|Next domain --> Installer deployment
DEBUG   |091019 15:45:24|JoomlapackCUBEDomainInstaller :: New instance
DEBUG   |091019 15:45:24|====== Finished Step number 1 ======
DEBUG   |091019 15:45:24|Saving CUBEObject instance
DEBUG   |091019 15:45:29|JoomlapackCUBE::getInstance - Loading from database
DEBUG   |091019 15:45:29|====== Starting Step number 2 ======
DEBUG   |091019 15:45:29|Using smart algorithm for JoomlapackCUBEDomainInstaller
DEBUG   |091019 15:45:29|Smart Stepping
DEBUG   |091019 15:45:29|----- Finished operation 1 ------
DEBUG   |091019 15:45:29|Initializing with JPA package 
DEBUG   |091019 15:45:29|  Adding installation/js/jquery-ui.min.js; Next offset:11466
DEBUG   |091019 15:45:29|  Virtual add:installation/js/jquery-ui.min.js (40324) - 8
DEBUG   |091019 15:45:29|----- Finished operation 2 ------
DEBUG   |091019 15:45:29|  Adding installation/js/jquery.blockUI.js; Next offset:16671
DEBUG   |091019 15:45:29|  Virtual add:installation/js/jquery.blockUI.js (15137) - 8
DEBUG   |091019 15:45:29|----- Finished operation 3 ------
DEBUG   |091019 15:45:29|  Adding installation/js/install.js; Next offset:20727
DEBUG   |091019 15:45:29|  Virtual add:installation/js/install.js (16113) - 8
DEBUG   |091019 15:45:29|----- Finished operation 4 ------
DEBUG   |091019 15:45:29|  Adding installation/js/jquery.min.js; Next offset:40500
DEBUG   |091019 15:45:29|  Virtual add:installation/js/jquery.min.js (57254) - 8
DEBUG   |091019 15:45:29|----- Finished operation 5 ------
DEBUG   |091019 15:45:29|Successful Smart algorithm on JoomlapackCUBEDomainInstaller
DEBUG   |091019 15:45:29|CUBE :: More work required in domain 'installer
DEBUG   |091019 15:45:29|====== Finished Step number 2 ======
DEBUG   |091019 15:45:29|Saving CUBEObject instance
DEBUG   |091019 15:45:43|JoomlapackCUBE::getInstance - Loading from database
DEBUG   |091019 15:45:43|====== Starting Step number 3 ======
DEBUG   |091019 15:45:43|Using smart algorithm for JoomlapackCUBEDomainInstaller
DEBUG   |091019 15:45:43|Smart Stepping
DEBUG   |091019 15:45:43|  Adding installation/index.php; Next offset:41656
DEBUG   |091019 15:45:43|  Virtual add:installation/index.php (3208) - 8
DEBUG   |091019 15:45:43|----- Finished operation 1 ------
DEBUG   |091019 15:45:43|  Adding installation/css/img/header_bg.png; Next offset:43247
DEBUG   |091019 15:45:43|  Virtual add:installation/css/img/header_bg.png (1531) - 8
DEBUG   |091019 15:45:43|----- Finished operation 2 ------
DEBUG   |091019 15:45:43|  Adding installation/css/img/logo.png; Next offset:44303
DEBUG   |091019 15:45:43|  Virtual add:installation/css/img/logo.png (1001) - 8
DEBUG   |091019 15:45:43|----- Finished operation 3 ------
DEBUG   |091019 15:45:43|  Adding installation/css/img/busy.gif; Next offset:45729
DEBUG   |091019 15:45:43|  Virtual add:installation/css/img/busy.gif (1608) - 8
DEBUG   |091019 15:45:43|----- Finished operation 4 ------
DEBUG   |091019 15:45:43|  Adding installation/css/img/btn_next.png; Next offset:47607
DEBUG   |091019 15:45:43|  Virtual add:installation/css/img/btn_next.png (1819) - 8
DEBUG   |091019 15:45:43|----- Finished operation 5 ------
DEBUG   |091019 15:45:43|Successful Smart algorithm on JoomlapackCUBEDomainInstaller
DEBUG   |091019 15:45:43|CUBE :: More work required in domain 'installer
DEBUG   |091019 15:45:43|====== Finished Step number 3 ======
DEBUG   |091019 15:45:43|Saving CUBEObject instance
DEBUG   |091019 15:45:44|JoomlapackCUBE::getInstance - Loading from database
DEBUG   |091019 15:45:44|====== Starting Step number 4 ======
DEBUG   |091019 15:45:44|Using smart algorithm for JoomlapackCUBEDomainInstaller
DEBUG   |091019 15:45:44|Smart Stepping
DEBUG   |091019 15:45:44|  Adding installation/css/img/btn_prev.png; Next offset:49491
DEBUG   |091019 15:45:44|  Virtual add:installation/css/img/btn_prev.png (1825) - 8
DEBUG   |091019 15:45:44|----- Finished operation 1 ------
DEBUG   |091019 15:45:44|  Adding installation/css/redmond/images/ui-icons_469bdd_256x240.png; Next offset:54780
DEBUG   |091019 15:45:44|  Virtual add:installation/css/redmond/images/ui-icons_469bdd_256x240.png (5399) - 8
DEBUG   |091019 15:45:44|----- Finished operation 2 ------
DEBUG   |091019 15:45:44|  Adding installation/css/redmond/images/ui-bg_inset-hard_100_f5f8f9_1x100.png; Next offset:54971
DEBUG   |091019 15:45:44|  Virtual add:installation/css/redmond/images/ui-bg_inset-hard_100_f5f8f9_1x100.png (104) - 8
DEBUG   |091019 15:45:44|----- Finished operation 3 ------
DEBUG   |091019 15:45:44|  Adding installation/css/redmond/images/ui-icons_cd0a0a_256x240.png; Next offset:59217
DEBUG   |091019 15:45:44|  Virtual add:installation/css/redmond/images/ui-icons_cd0a0a_256x240.png (4379) - 8
DEBUG   |091019 15:45:44|----- Finished operation 4 ------
DEBUG   |091019 15:45:44|  Adding installation/css/redmond/images/ui-bg_glass_75_d0e5f5_1x400.png; Next offset:59424
DEBUG   |091019 15:45:44|  Virtual add:installation/css/redmond/images/ui-bg_glass_75_d0e5f5_1x400.png (124) - 8
DEBUG   |091019 15:45:44|----- Finished operation 5 ------
DEBUG   |091019 15:45:44|Successful Smart algorithm on JoomlapackCUBEDomainInstaller
DEBUG   |091019 15:45:44|CUBE :: More work required in domain 'installer
DEBUG   |091019 15:45:44|====== Finished Step number 4 ======
DEBUG   |091019 15:45:44|Saving CUBEObject instance
DEBUG   |091019 15:45:46|JoomlapackCUBE::getInstance - Loading from database
DEBUG   |091019 15:45:46|====== Starting Step number 5 ======
DEBUG   |091019 15:45:46|Using smart algorithm for JoomlapackCUBEDomainInstaller
DEBUG   |091019 15:45:46|Smart Stepping
DEBUG   |091019 15:45:46|  Adding installation/css/redmond/images/ui-icons_217bc0_256x240.png; Next offset:63670
DEBUG   |091019 15:45:46|  Virtual add:installation/css/redmond/images/ui-icons_217bc0_256x240.png (4379) - 8
DEBUG   |091019 15:45:46|----- Finished operation 1 ------
DEBUG   |091019 15:45:46|  Adding installation/css/redmond/images/ui-icons_6da8d5_256x240.png; Next offset:67915
DEBUG   |091019 15:45:46|  Virtual add:installation/css/redmond/images/ui-icons_6da8d5_256x240.png (4379) - 8
DEBUG   |091019 15:45:46|----- Finished operation 2 ------
DEBUG   |091019 15:45:46|  Adding installation/css/redmond/images/ui-icons_d8e7f3_256x240.png; Next offset:72161
DEBUG   |091019 15:45:46|  Virtual add:installation/css/redmond/images/ui-icons_d8e7f3_256x240.png (4379) - 8
DEBUG   |091019 15:45:46|----- Finished operation 3 ------
DEBUG   |091019 15:45:46|  Adding installation/css/redmond/images/ui-bg_glass_95_fef1ec_1x400.png; Next offset:72363
DEBUG   |091019 15:45:46|  Virtual add:installation/css/redmond/images/ui-bg_glass_95_fef1ec_1x400.png (119) - 8
DEBUG   |091019 15:45:46|----- Finished operation 4 ------
DEBUG   |091019 15:45:46|  Adding installation/css/redmond/images/ui-icons_f9bd01_256x240.png; Next offset:76608
DEBUG   |091019 15:45:46|  Virtual add:installation/css/redmond/images/ui-icons_f9bd01_256x240.png (4379) - 8
DEBUG   |091019 15:45:46|----- Finished operation 5 ------
DEBUG   |091019 15:45:46|Successful Smart algorithm on JoomlapackCUBEDomainInstaller
DEBUG   |091019 15:45:46|CUBE :: More work required in domain 'installer
DEBUG   |091019 15:45:46|====== Finished Step number 5 ======
DEBUG   |091019 15:45:46|Saving CUBEObject instance
DEBUG   |091019 15:45:47|JoomlapackCUBE::getInstance - Loading from database
DEBUG   |091019 15:45:47|====== Starting Step number 6 ======
DEBUG   |091019 15:45:47|Using smart algorithm for JoomlapackCUBEDomainInstaller
DEBUG   |091019 15:45:47|Smart Stepping
DEBUG   |091019 15:45:47|  Adding installation/css/redmond/images/ui-bg_inset-hard_100_fcfdfd_1x100.png; Next offset:76783
DEBUG   |091019 15:45:47|  Virtual add:installation/css/redmond/images/ui-bg_inset-hard_100_fcfdfd_1x100.png (88) - 8
DEBUG   |091019 15:45:47|----- Finished operation 1 ------
DEBUG   |091019 15:45:47|  Adding installation/css/redmond/images/ui-bg_flat_0_aaaaaa_40x100.png; Next offset:76968
DEBUG   |091019 15:45:47|  Virtual add:installation/css/redmond/images/ui-bg_flat_0_aaaaaa_40x100.png (180) - 8
DEBUG   |091019 15:45:47|----- Finished operation 2 ------
DEBUG   |091019 15:45:47|  Adding installation/css/redmond/images/ui-bg_gloss-wave_55_5c9ccc_500x100.png; Next offset:80337
DEBUG   |091019 15:45:47|  Virtual add:installation/css/redmond/images/ui-bg_gloss-wave_55_5c9ccc_500x100.png (3457) - 8
DEBUG   |091019 15:45:47|----- Finished operation 3 ------
DEBUG   |091019 15:45:47|  Adding installation/css/redmond/images/ui-bg_glass_85_dfeffc_1x400.png; Next offset:80543
DEBUG   |091019 15:45:47|  Virtual add:installation/css/redmond/images/ui-bg_glass_85_dfeffc_1x400.png (123) - 8
DEBUG   |091019 15:45:47|----- Finished operation 4 ------
DEBUG   |091019 15:45:47|  Adding installation/css/redmond/images/ui-icons_2e83ff_256x240.png; Next offset:84789
DEBUG   |091019 15:45:47|  Virtual add:installation/css/redmond/images/ui-icons_2e83ff_256x240.png (4379) - 8
DEBUG   |091019 15:45:47|----- Finished operation 5 ------
DEBUG   |091019 15:45:47|Successful Smart algorithm on JoomlapackCUBEDomainInstaller
DEBUG   |091019 15:45:47|CUBE :: More work required in domain 'installer
DEBUG   |091019 15:45:47|====== Finished Step number 6 ======
DEBUG   |091019 15:45:47|Saving CUBEObject instance
DEBUG   |091019 15:45:48|JoomlapackCUBE::getInstance - Loading from database
DEBUG   |091019 15:45:48|====== Starting Step number 7 ======
DEBUG   |091019 15:45:48|Using smart algorithm for JoomlapackCUBEDomainInstaller
DEBUG   |091019 15:45:48|Smart Stepping
DEBUG   |091019 15:45:48|  Adding installation/css/redmond/images/ui-bg_flat_55_fbec88_40x100.png; Next offset:84977
DEBUG   |091019 15:45:48|  Virtual add:installation/css/redmond/images/ui-bg_flat_55_fbec88_40x100.png (182) - 8
DEBUG   |091019 15:45:48|----- Finished operation 1 ------
DEBUG   |091019 15:45:48|  Adding installation/css/redmond/jquery-ui-redmond.css; Next offset:90149
DEBUG   |091019 15:45:48|  Virtual add:installation/css/redmond/jquery-ui-redmond.css (27480) - 8
DEBUG   |091019 15:45:48|----- Finished operation 2 ------
DEBUG   |091019 15:45:48|  Adding installation/css/install.css; Next offset:91194
DEBUG   |091019 15:45:48|  Virtual add:installation/css/install.css (3427) - 8
DEBUG   |091019 15:45:48|----- Finished operation 3 ------
DEBUG   |091019 15:45:48|  Adding installation/index.html; Next offset:92113
DEBUG   |091019 15:45:48|  Virtual add:installation/index.html (1916) - 8
DEBUG   |091019 15:45:48|----- Finished operation 4 ------
DEBUG   |091019 15:45:48|  Adding installation/includes/utils.php; Next offset:92921
DEBUG   |091019 15:45:48|  Virtual add:installation/includes/utils.php (1462) - 8
DEBUG   |091019 15:45:48|----- Finished operation 5 ------
DEBUG   |091019 15:45:48|Successful Smart algorithm on JoomlapackCUBEDomainInstaller
DEBUG   |091019 15:45:48|CUBE :: More work required in domain 'installer
DEBUG   |091019 15:45:48|====== Finished Step number 7 ======
DEBUG   |091019 15:45:48|Saving CUBEObject instance
DEBUG   |091019 15:45:50|JoomlapackCUBE::getInstance - Loading from database
DEBUG   |091019 15:45:50|====== Starting Step number 8 ======
DEBUG   |091019 15:45:50|Using smart algorithm for JoomlapackCUBEDomainInstaller
DEBUG   |091019 15:45:50|Smart Stepping
DEBUG   |091019 15:45:50|  Adding installation/includes/storage.php; Next offset:94493
DEBUG   |091019 15:45:50|  Virtual add:installation/includes/storage.php (4816) - 8
DEBUG   |091019 15:45:50|----- Finished operation 1 ------
DEBUG   |091019 15:45:50|  Adding installation/includes/output.php; Next offset:96526
DEBUG   |091019 15:45:50|  Virtual add:installation/includes/output.php (5610) - 8
DEBUG   |091019 15:45:50|----- Finished operation 2 ------
DEBUG   |091019 15:45:50|  Adding installation/includes/translate.php; Next offset:97655
DEBUG   |091019 15:45:50|  Virtual add:installation/includes/translate.php (2526) - 8
DEBUG   |091019 15:45:50|----- Finished operation 3 ------
DEBUG   |091019 15:45:50|  Adding installation/includes/output/index.php; Next offset:98435
DEBUG   |091019 15:45:50|  Virtual add:installation/includes/output/index.php (2520) - 8
DEBUG   |091019 15:45:50|----- Finished operation 4 ------
DEBUG   |091019 15:45:50|  Adding installation/includes/output/setup.php; Next offset:100040
DEBUG   |091019 15:45:50|  Virtual add:installation/includes/output/setup.php (5970) - 8
DEBUG   |091019 15:45:50|----- Finished operation 5 ------
DEBUG   |091019 15:45:50|Successful Smart algorithm on JoomlapackCUBEDomainInstaller
DEBUG   |091019 15:45:50|CUBE :: More work required in domain 'installer
DEBUG   |091019 15:45:50|====== Finished Step number 8 ======
DEBUG   |091019 15:45:50|Saving CUBEObject instance
DEBUG   |091019 15:45:51|JoomlapackCUBE::getInstance - Loading from database
DEBUG   |091019 15:45:51|====== Starting Step number 9 ======
DEBUG   |091019 15:45:51|Using smart algorithm for JoomlapackCUBEDomainInstaller
DEBUG   |091019 15:45:51|Smart Stepping
DEBUG   |091019 15:45:52|  Adding installation/includes/output/dbsetup.php; Next offset:101175
DEBUG   |091019 15:45:52|  Virtual add:installation/includes/output/dbsetup.php (3532) - 8
DEBUG   |091019 15:45:52|----- Finished operation 1 ------
DEBUG   |091019 15:45:52|  Adding installation/includes/output/finish.php; Next offset:101868
DEBUG   |091019 15:45:52|  Virtual add:installation/includes/output/finish.php (1263) - 8
DEBUG   |091019 15:45:52|----- Finished operation 2 ------
DEBUG   |091019 15:45:52|  Adding installation/includes/db.php; Next offset:104441
DEBUG   |091019 15:45:52|  Virtual add:installation/includes/db.php (9199) - 8
DEBUG   |091019 15:45:52|----- Finished operation 3 ------
DEBUG   |091019 15:45:52|  Adding installation/includes/logic/index.php; Next offset:106268
DEBUG   |091019 15:45:52|  Virtual add:installation/includes/logic/index.php (4504) - 8
DEBUG   |091019 15:45:52|----- Finished operation 4 ------
DEBUG   |091019 15:45:52|  Adding installation/includes/logic/setup.php; Next offset:107355
DEBUG   |091019 15:45:52|  Virtual add:installation/includes/logic/setup.php (2519) - 8
DEBUG   |091019 15:45:52|----- Finished operation 5 ------
DEBUG   |091019 15:45:52|Successful Smart algorithm on JoomlapackCUBEDomainInstaller
DEBUG   |091019 15:45:52|CUBE :: More work required in domain 'installer
DEBUG   |091019 15:45:52|====== Finished Step number 9 ======
DEBUG   |091019 15:45:52|Saving CUBEObject instance
DEBUG   |091019 15:45:53|JoomlapackCUBE::getInstance - Loading from database
DEBUG   |091019 15:45:53|====== Starting Step number 10 ======
DEBUG   |091019 15:45:53|Using smart algorithm for JoomlapackCUBEDomainInstaller
DEBUG   |091019 15:45:53|Smart Stepping
DEBUG   |091019 15:45:53|  Adding installation/includes/logic/dbsetup.php; Next offset:109496
DEBUG   |091019 15:45:53|  Virtual add:installation/includes/logic/dbsetup.php (6039) - 8
DEBUG   |091019 15:45:53|----- Finished operation 1 ------
DEBUG   |091019 15:45:53|  Adding installation/includes/logic/finish.php; Next offset:111386
DEBUG   |091019 15:45:53|  Virtual add:installation/includes/logic/finish.php (4458) - 8
DEBUG   |091019 15:45:53|----- Finished operation 2 ------
DEBUG   |091019 15:45:53|  Adding installation/includes/logic/ajax.php; Next offset:112509
DEBUG   |091019 15:45:53|  Virtual add:installation/includes/logic/ajax.php (3166) - 8
DEBUG   |091019 15:45:53|----- Finished operation 3 ------
DEBUG   |091019 15:45:53|  Adding installation/includes/logic/restore.php; Next offset:116869
DEBUG   |091019 15:45:53|  Virtual add:installation/includes/logic/restore.php (13304) - 8
DEBUG   |091019 15:45:53|----- Finished operation 4 ------
DEBUG   |091019 15:45:53|  Adding installation/includes/configuration.php; Next offset:119375
DEBUG   |091019 15:45:53|  Virtual add:installation/includes/configuration.php (6866) - 8
DEBUG   |091019 15:45:53|----- Finished operation 5 ------
DEBUG   |091019 15:45:53|Successful Smart algorithm on JoomlapackCUBEDomainInstaller
DEBUG   |091019 15:45:53|CUBE :: More work required in domain 'installer
DEBUG   |091019 15:45:53|====== Finished Step number 10 ======
DEBUG   |091019 15:45:53|Saving CUBEObject instance
DEBUG   |091019 15:45:59|JoomlapackCUBE::getInstance - Loading from database
DEBUG   |091019 15:45:59|====== Starting Step number 11 ======
DEBUG   |091019 15:45:59|Using smart algorithm for JoomlapackCUBEDomainInstaller
DEBUG   |091019 15:45:59|Smart Stepping
DEBUG   |091019 15:45:59|  Adding installation/includes/ftp.php; Next offset:123145
DEBUG   |091019 15:45:59|  Virtual add:installation/includes/ftp.php (13047) - 8
DEBUG   |091019 15:45:59|----- Finished operation 1 ------
DEBUG   |091019 15:45:59|  Adding installation/lang/en.ini; Next offset:125880
DEBUG   |091019 15:45:59|  Virtual add:installation/lang/en.ini (5628) - 8
DEBUG   |091019 15:45:59|----- Finished operation 2 ------
DEBUG   |091019 15:45:59|  Adding installation/lang/fr.ini; Next offset:129052
DEBUG   |091019 15:45:59|  Virtual add:installation/lang/fr.ini (7677) - 8
DEBUG   |091019 15:45:59|----- Finished operation 3 ------
DEBUG   |091019 15:45:59|  Adding installation/configuration.php-dist; Next offset:129702
DEBUG   |091019 15:45:59|  Virtual add:installation/configuration.php-dist (1462) - 8
DEBUG   |091019 15:45:59|----- Finished operation 4 ------
DEBUG   |091019 15:45:59|Done
DEBUG   |091019 15:45:59|Initializing with JPA package has finished
DEBUG   |091019 15:45:59|JoomlapackCUBEDomainInstaller:: archive is initialized
DEBUG   |091019 15:45:59|----- Finished operation 5 ------
DEBUG   |091019 15:45:59|Successful Smart algorithm on JoomlapackCUBEDomainInstaller
DEBUG   |091019 15:45:59|CUBE :: More work required in domain 'installer
DEBUG   |091019 15:45:59|====== Finished Step number 11 ======
DEBUG   |091019 15:45:59|Saving CUBEObject instance
DEBUG   |091019 15:46:00|JoomlapackCUBE::getInstance - Loading from database
DEBUG   |091019 15:46:00|====== Starting Step number 12 ======
DEBUG   |091019 15:46:00|Using smart algorithm for JoomlapackCUBEDomainInstaller
DEBUG   |091019 15:46:00|Smart Stepping
DEBUG   |091019 15:46:00|----- Finished operation 1 ------
DEBUG   |091019 15:46:00|Successful Smart algorithm on JoomlapackCUBEDomainInstaller
DEBUG   |091019 15:46:00|CUBE :: Domain 'installer' has finished
DEBUG   |091019 15:46:00|Next domain --> Database backup
DEBUG   |091019 15:46:00|JoomlapackCUBEDomainDBBackup :: New instance
DEBUG   |091019 15:46:00|====== Finished Step number 12 ======
DEBUG   |091019 15:46:00|Saving CUBEObject instance
DEBUG   |091019 15:46:02|JoomlapackCUBE::getInstance - Loading from database
DEBUG   |091019 15:46:02|====== Starting Step number 13 ======
DEBUG   |091019 15:46:02|Using smart algorithm for JoomlapackCUBEDomainDBBackup
DEBUG   |091019 15:46:02|Smart Stepping
DEBUG   |091019 15:46:02|JoomlapackCUBEDomainDBBackup :: Preparing instance
DEBUG   |091019 15:46:02|----- Finished operation 1 ------
DEBUG   |091019 15:46:02|JoomlapackCUBEDomainDBBackup :: Iterating next database
DEBUG   |091019 15:46:02|Creating dumper engine of type default
DEBUG   |091019 15:46:02|Trying to read engine setup data for dumper
DEBUG   |091019 15:46:02|Trying to include engine file engine.dumper.default
DEBUG   |091019 15:46:02|Instanciating JoomlapackDumperDefault
DEBUG   |091019 15:46:02|JoomlapackDumperDefault :: New instance
DEBUG   |091019 15:46:02|JoomlapackDumperDefault :: Processing parameters
DEBUG   |091019 15:46:02|JoomlapackDumperDefault :: Retrieving db exclusion filters
DEBUG   |091019 15:46:02|JoomlapackDumperDefault :: Retrieved db exclusion filters, OK.
DEBUG   |091019 15:46:02|JoomlapackDumperDefault :: Finding tables to include in the backup set
DEBUG   |091019 15:46:02|JoomlapackDumperDefault :: Core database
DEBUG   |091019 15:46:02|JoomlapackDomainDBBackup :: SQL temp file is <root>/tmp/333f32dd
DEBUG   |091019 15:46:02|JoomlapackDomainDBBackup :: SQL file location in archive is installation/sql/joomla.sql
DEBUG   |091019 15:46:02|JoomlapackDomainDBBackup :: Deleting leftover files, if any
DEBUG   |091019 15:46:02|JoomlapackDumperDefault :: Initializing algorithm for first run
DEBUG   |091019 15:46:02|----- Finished operation 2 ------
DEBUG   |091019 15:46:02|Rows on jos_auto : 2
DEBUG   |091019 15:46:02|Dumping 2 rows of jos_auto
DEBUG   |091019 15:46:02|----- Finished operation 3 ------
DEBUG   |091019 15:46:02|Done with jos_auto
DEBUG   |091019 15:46:02|----- Finished operation 4 ------
DEBUG   |091019 15:46:02|Rows on jos_banner : 1
DEBUG   |091019 15:46:02|Dumping 1 rows of jos_banner
DEBUG   |091019 15:46:02|----- Finished operation 5 ------
DEBUG   |091019 15:46:02|Successful Smart algorithm on JoomlapackCUBEDomainDBBackup
DEBUG   |091019 15:46:02|CUBE :: More work required in domain 'PackDB
DEBUG   |091019 15:46:02|====== Finished Step number 13 ======
DEBUG   |091019 15:46:02|Saving CUBEObject instance
DEBUG   |091019 15:46:06|JoomlapackCUBE::getInstance - Loading from database
DEBUG   |091019 15:46:06|====== Starting Step number 14 ======
DEBUG   |091019 15:46:06|Using smart algorithm for JoomlapackCUBEDomainDBBackup
DEBUG   |091019 15:46:06|Smart Stepping
DEBUG   |091019 15:46:06|Done with jos_banner
DEBUG   |091019 15:46:06|----- Finished operation 1 ------
DEBUG   |091019 15:46:06|Rows on jos_bannerclient : 1
DEBUG   |091019 15:46:06|Dumping 1 rows of jos_bannerclient
DEBUG   |091019 15:46:06|----- Finished operation 2 ------
DEBUG   |091019 15:46:06|Done with jos_bannerclient
DEBUG   |091019 15:46:06|----- Finished operation 3 ------
DEBUG   |091019 15:46:06|Rows on jos_bannertrack : 0
DEBUG   |091019 15:46:06|Done with jos_bannertrack
DEBUG   |091019 15:46:06|----- Finished operation 4 ------
DEBUG   |091019 15:46:06|Rows on jos_categories : 4
DEBUG   |091019 15:46:06|Dumping 4 rows of jos_categories
DEBUG   |091019 15:46:06|----- Finished operation 5 ------
DEBUG   |091019 15:46:06|Successful Smart algorithm on JoomlapackCUBEDomainDBBackup
DEBUG   |091019 15:46:06|CUBE :: More work required in domain 'PackDB
DEBUG   |091019 15:46:06|====== Finished Step number 14 ======
DEBUG   |091019 15:46:06|Saving CUBEObject instance
DEBUG   |091019 15:46:07|JoomlapackCUBE::getInstance - Loading from database
DEBUG   |091019 15:46:07|====== Starting Step number 15 ======
DEBUG   |091019 15:46:07|Using smart algorithm for JoomlapackCUBEDomainDBBackup
DEBUG   |091019 15:46:07|Smart Stepping
DEBUG   |091019 15:46:07|Done with jos_categories
DEBUG   |091019 15:46:07|----- Finished operation 1 ------
DEBUG   |091019 15:46:07|Rows on jos_chrono_contact : 1
DEBUG   |091019 15:46:07|Dumping 1 rows of jos_chrono_contact
DEBUG   |091019 15:46:07|----- Finished operation 2 ------
DEBUG   |091019 15:46:07|Done with jos_chrono_contact
DEBUG   |091019 15:46:07|----- Finished operation 3 ------
DEBUG   |091019 15:46:07|Rows on jos_chrono_contact_elements : 0
DEBUG   |091019 15:46:07|Done with jos_chrono_contact_elements
DEBUG   |091019 15:46:07|----- Finished operation 4 ------
DEBUG   |091019 15:46:07|Rows on jos_chrono_contact_emails : 1
DEBUG   |091019 15:46:07|Dumping 1 rows of jos_chrono_contact_emails
DEBUG   |091019 15:46:07|----- Finished operation 5 ------
DEBUG   |091019 15:46:07|Successful Smart algorithm on JoomlapackCUBEDomainDBBackup
DEBUG   |091019 15:46:07|CUBE :: More work required in domain 'PackDB
DEBUG   |091019 15:46:07|====== Finished Step number 15 ======
DEBUG   |091019 15:46:07|Saving CUBEObject instance
DEBUG   |091019 15:46:09|JoomlapackCUBE::getInstance - Loading from database
DEBUG   |091019 15:46:09|====== Starting Step number 16 ======
DEBUG   |091019 15:46:09|Using smart algorithm for JoomlapackCUBEDomainDBBackup
DEBUG   |091019 15:46:09|Smart Stepping
DEBUG   |091019 15:46:09|Done with jos_chrono_contact_emails
DEBUG   |091019 15:46:09|----- Finished operation 1 ------
DEBUG   |091019 15:46:09|Rows on jos_chrono_contact_plugins : 0
DEBUG   |091019 15:46:09|Done with jos_chrono_contact_plugins
DEBUG   |091019 15:46:09|----- Finished operation 2 ------
DEBUG   |091019 15:46:09|Rows on jos_components : 48
DEBUG   |091019 15:46:09|Dumping 48 rows of jos_components
DEBUG   |091019 15:46:09|----- Finished operation 3 ------
DEBUG   |091019 15:46:09|Done with jos_components
DEBUG   |091019 15:46:09|----- Finished operation 4 ------
DEBUG   |091019 15:46:09|Rows on jos_contact_details : 0
DEBUG   |091019 15:46:09|Done with jos_contact_details
DEBUG   |091019 15:46:09|----- Finished operation 5 ------
DEBUG   |091019 15:46:09|Successful Smart algorithm on JoomlapackCUBEDomainDBBackup
DEBUG   |091019 15:46:09|CUBE :: More work required in domain 'PackDB
DEBUG   |091019 15:46:09|====== Finished Step number 16 ======
DEBUG   |091019 15:46:09|Saving CUBEObject instance
DEBUG   |091019 15:46:10|JoomlapackCUBE::getInstance - Loading from database
DEBUG   |091019 15:46:10|====== Starting Step number 17 ======
DEBUG   |091019 15:46:10|Using smart algorithm for JoomlapackCUBEDomainDBBackup
DEBUG   |091019 15:46:10|Smart Stepping
DEBUG   |091019 15:46:10|Rows on jos_content : 21
DEBUG   |091019 15:46:10|Dumping 21 rows of jos_content
DEBUG   |091019 15:46:10|----- Finished operation 1 ------
DEBUG   |091019 15:46:10|Done with jos_content
DEBUG   |091019 15:46:10|----- Finished operation 2 ------
DEBUG   |091019 15:46:10|Rows on jos_content_frontpage : 1
DEBUG   |091019 15:46:10|Dumping 1 rows of jos_content_frontpage
DEBUG   |091019 15:46:10|----- Finished operation 3 ------
DEBUG   |091019 15:46:10|Done with jos_content_frontpage
DEBUG   |091019 15:46:10|----- Finished operation 4 ------
DEBUG   |091019 15:46:10|Rows on jos_content_rating : 0
DEBUG   |091019 15:46:10|Done with jos_content_rating
DEBUG   |091019 15:46:10|----- Finished operation 5 ------
DEBUG   |091019 15:46:10|Successful Smart algorithm on JoomlapackCUBEDomainDBBackup
DEBUG   |091019 15:46:10|CUBE :: More work required in domain 'PackDB
DEBUG   |091019 15:46:10|====== Finished Step number 17 ======
DEBUG   |091019 15:46:10|Saving CUBEObject instance
DEBUG   |091019 15:46:12|JoomlapackCUBE::getInstance - Loading from database
DEBUG   |091019 15:46:12|====== Starting Step number 18 ======
DEBUG   |091019 15:46:12|Using smart algorithm for JoomlapackCUBEDomainDBBackup
DEBUG   |091019 15:46:12|Smart Stepping
DEBUG   |091019 15:46:12|Rows on jos_core_acl_aro : 2
DEBUG   |091019 15:46:12|Dumping 2 rows of jos_core_acl_aro
DEBUG   |091019 15:46:12|----- Finished operation 1 ------
DEBUG   |091019 15:46:12|Done with jos_core_acl_aro
DEBUG   |091019 15:46:12|----- Finished operation 2 ------
DEBUG   |091019 15:46:12|Rows on jos_core_acl_aro_groups : 11
DEBUG   |091019 15:46:12|Dumping 11 rows of jos_core_acl_aro_groups
DEBUG   |091019 15:46:12|----- Finished operation 3 ------
DEBUG   |091019 15:46:12|Done with jos_core_acl_aro_groups
DEBUG   |091019 15:46:12|----- Finished operation 4 ------
DEBUG   |091019 15:46:12|Rows on jos_core_acl_aro_map : 0
DEBUG   |091019 15:46:12|Done with jos_core_acl_aro_map
DEBUG   |091019 15:46:12|----- Finished operation 5 ------
DEBUG   |091019 15:46:12|Successful Smart algorithm on JoomlapackCUBEDomainDBBackup
DEBUG   |091019 15:46:12|CUBE :: More work required in domain 'PackDB
DEBUG   |091019 15:46:12|====== Finished Step number 18 ======
DEBUG   |091019 15:46:12|Saving CUBEObject instance
DEBUG   |091019 15:46:13|JoomlapackCUBE::getInstance - Loading from database
DEBUG   |091019 15:46:13|====== Starting Step number 19 ======
DEBUG   |091019 15:46:13|Using smart algorithm for JoomlapackCUBEDomainDBBackup
DEBUG   |091019 15:46:13|Smart Stepping
DEBUG   |091019 15:46:13|Rows on jos_core_acl_aro_sections : 1
DEBUG   |091019 15:46:13|Dumping 1 rows of jos_core_acl_aro_sections
DEBUG   |091019 15:46:13|----- Finished operation 1 ------
DEBUG   |091019 15:46:13|Done with jos_core_acl_aro_sections
DEBUG   |091019 15:46:13|----- Finished operation 2 ------
DEBUG   |091019 15:46:13|Rows on jos_core_acl_groups_aro_map : 11
DEBUG   |091019 15:46:13|Dumping 11 rows of jos_core_acl_groups_aro_map
DEBUG   |091019 15:46:13|----- Finished operation 3 ------
DEBUG   |091019 15:46:13|Done with jos_core_acl_groups_aro_map
DEBUG   |091019 15:46:13|----- Finished operation 4 ------
DEBUG   |091019 15:46:13|Rows on jos_core_log_items : 0
DEBUG   |091019 15:46:13|Done with jos_core_log_items
DEBUG   |091019 15:46:13|----- Finished operation 5 ------
DEBUG   |091019 15:46:13|Successful Smart algorithm on JoomlapackCUBEDomainDBBackup
DEBUG   |091019 15:46:13|CUBE :: More work required in domain 'PackDB
DEBUG   |091019 15:46:13|====== Finished Step number 19 ======
DEBUG   |091019 15:46:13|Saving CUBEObject instance
DEBUG   |091019 15:46:33|JoomlapackCUBE::getInstance - Loading from database
DEBUG   |091019 15:46:34|====== Starting Step number 20 ======
DEBUG   |091019 15:46:34|Using smart algorithm for JoomlapackCUBEDomainDBBackup
DEBUG   |091019 15:46:34|Smart Stepping
DEBUG   |091019 15:46:34|Rows on jos_core_log_searches : 0
DEBUG   |091019 15:46:34|Done with jos_core_log_searches
DEBUG   |091019 15:46:34|----- Finished operation 1 ------
DEBUG   |091019 15:46:34|Rows on jos_csvi_available_fields : 418
DEBUG   |091019 15:46:34|Dumping 50 rows of jos_csvi_available_fields
DEBUG   |091019 15:46:34|----- Finished operation 2 ------
DEBUG   |091019 15:46:34|Dumping 50 rows of jos_csvi_available_fields
DEBUG   |091019 15:46:34|----- Finished operation 3 ------
DEBUG   |091019 15:46:34|Dumping 50 rows of jos_csvi_available_fields
DEBUG   |091019 15:46:34|----- Finished operation 4 ------
DEBUG   |091019 15:46:34|Dumping 50 rows of jos_csvi_available_fields
DEBUG   |091019 15:46:34|----- Finished operation 5 ------
DEBUG   |091019 15:46:34|Successful Smart algorithm on JoomlapackCUBEDomainDBBackup
DEBUG   |091019 15:46:34|CUBE :: More work required in domain 'PackDB
DEBUG   |091019 15:46:34|====== Finished Step number 20 ======
DEBUG   |091019 15:46:34|Saving CUBEObject instance
DEBUG   |091019 15:46:35|JoomlapackCUBE::getInstance - Loading from database
DEBUG   |091019 15:46:35|====== Starting Step number 21 ======
DEBUG   |091019 15:46:35|Using smart algorithm for JoomlapackCUBEDomainDBBackup
DEBUG   |091019 15:46:35|Smart Stepping
DEBUG   |091019 15:46:35|Dumping 50 rows of jos_csvi_available_fields
DEBUG   |091019 15:46:35|----- Finished operation 1 ------
DEBUG   |091019 15:46:35|Dumping 50 rows of jos_csvi_available_fields
DEBUG   |091019 15:46:35|----- Finished operation 2 ------
DEBUG   |091019 15:46:35|Dumping 50 rows of jos_csvi_available_fields
DEBUG   |091019 15:46:35|----- Finished operation 3 ------
DEBUG   |091019 15:46:35|Dumping 50 rows of jos_csvi_available_fields
DEBUG   |091019 15:46:35|----- Finished operation 4 ------
DEBUG   |091019 15:46:35|Dumping 18 rows of jos_csvi_available_fields
DEBUG   |091019 15:46:35|----- Finished operation 5 ------
DEBUG   |091019 15:46:35|Successful Smart algorithm on JoomlapackCUBEDomainDBBackup
DEBUG   |091019 15:46:35|CUBE :: More work required in domain 'PackDB
DEBUG   |091019 15:46:35|====== Finished Step number 21 ======
DEBUG   |091019 15:46:35|Saving CUBEObject instance
DEBUG   |091019 15:46:37|JoomlapackCUBE::getInstance - Loading from database
DEBUG   |091019 15:46:37|====== Starting Step number 22 ======
DEBUG   |091019 15:46:37|Using smart algorithm for JoomlapackCUBEDomainDBBackup
DEBUG   |091019 15:46:37|Smart Stepping
DEBUG   |091019 15:46:37|Done with jos_csvi_available_fields
DEBUG   |091019 15:46:37|----- Finished operation 1 ------
DEBUG   |091019 15:46:37|Rows on jos_csvi_currency : 0
DEBUG   |091019 15:46:37|Done with jos_csvi_currency
DEBUG   |091019 15:46:37|----- Finished operation 2 ------
DEBUG   |091019 15:46:37|Rows on jos_csvi_log_details : 295
DEBUG   |091019 15:46:37|Dumping 50 rows of jos_csvi_log_details
DEBUG   |091019 15:46:37|----- Finished operation 3 ------
DEBUG   |091019 15:46:37|Dumping 50 rows of jos_csvi_log_details
DEBUG   |091019 15:46:37|----- Finished operation 4 ------
DEBUG   |091019 15:46:37|Dumping 50 rows of jos_csvi_log_details
DEBUG   |091019 15:46:37|----- Finished operation 5 ------
DEBUG   |091019 15:46:37|Successful Smart algorithm on JoomlapackCUBEDomainDBBackup
DEBUG   |091019 15:46:37|CUBE :: More work required in domain 'PackDB
DEBUG   |091019 15:46:37|====== Finished Step number 22 ======
DEBUG   |091019 15:46:37|Saving CUBEObject instance
DEBUG   |091019 15:46:38|JoomlapackCUBE::getInstance - Loading from database
DEBUG   |091019 15:46:38|====== Starting Step number 23 ======
DEBUG   |091019 15:46:38|Using smart algorithm for JoomlapackCUBEDomainDBBackup
DEBUG   |091019 15:46:38|Smart Stepping
DEBUG   |091019 15:46:38|Dumping 50 rows of jos_csvi_log_details
DEBUG   |091019 15:46:38|----- Finished operation 1 ------
DEBUG   |091019 15:46:38|Dumping 50 rows of jos_csvi_log_details
DEBUG   |091019 15:46:38|----- Finished operation 2 ------
DEBUG   |091019 15:46:38|Dumping 45 rows of jos_csvi_log_details
DEBUG   |091019 15:46:38|----- Finished operation 3 ------
DEBUG   |091019 15:46:38|Done with jos_csvi_log_details
DEBUG   |091019 15:46:38|----- Finished operation 4 ------
DEBUG   |091019 15:46:38|Rows on jos_csvi_logs : 33
DEBUG   |091019 15:46:38|Dumping 33 rows of jos_csvi_logs
DEBUG   |091019 15:46:38|----- Finished operation 5 ------
DEBUG   |091019 15:46:38|Successful Smart algorithm on JoomlapackCUBEDomainDBBackup
DEBUG   |091019 15:46:38|CUBE :: More work required in domain 'PackDB
DEBUG   |091019 15:46:38|====== Finished Step number 23 ======
DEBUG   |091019 15:46:38|Saving CUBEObject instance
DEBUG   |091019 15:46:40|JoomlapackCUBE::getInstance - Loading from database
DEBUG   |091019 15:46:40|====== Starting Step number 24 ======
DEBUG   |091019 15:46:40|Using smart algorithm for JoomlapackCUBEDomainDBBackup
DEBUG   |091019 15:46:40|Smart Stepping
DEBUG   |091019 15:46:40|Done with jos_csvi_logs
DEBUG   |091019 15:46:40|----- Finished operation 1 ------
DEBUG   |091019 15:46:40|Rows on jos_csvi_template_fields : 79
DEBUG   |091019 15:46:40|Dumping 50 rows of jos_csvi_template_fields
DEBUG   |091019 15:46:40|----- Finished operation 2 ------
DEBUG   |091019 15:46:40|Dumping 29 rows of jos_csvi_template_fields
DEBUG   |091019 15:46:40|----- Finished operation 3 ------
DEBUG   |091019 15:46:40|Done with jos_csvi_template_fields
DEBUG   |091019 15:46:40|----- Finished operation 4 ------
DEBUG   |091019 15:46:40|Rows on jos_csvi_template_types : 28
DEBUG   |091019 15:46:40|Dumping 28 rows of jos_csvi_template_types
DEBUG   |091019 15:46:40|----- Finished operation 5 ------
DEBUG   |091019 15:46:40|Successful Smart algorithm on JoomlapackCUBEDomainDBBackup
DEBUG   |091019 15:46:40|CUBE :: More work required in domain 'PackDB
DEBUG   |091019 15:46:40|====== Finished Step number 24 ======
DEBUG   |091019 15:46:40|Saving CUBEObject instance
DEBUG   |091019 15:46:41|JoomlapackCUBE::getInstance - Loading from database
DEBUG   |091019 15:46:41|====== Starting Step number 25 ======
DEBUG   |091019 15:46:41|Using smart algorithm for JoomlapackCUBEDomainDBBackup
DEBUG   |091019 15:46:41|Smart Stepping
DEBUG   |091019 15:46:41|Done with jos_csvi_template_types
DEBUG   |091019 15:46:41|----- Finished operation 1 ------
DEBUG   |091019 15:46:41|Rows on jos_csvi_templates : 10
DEBUG   |091019 15:46:41|Dumping 10 rows of jos_csvi_templates
DEBUG   |091019 15:46:41|----- Finished operation 2 ------
DEBUG   |091019 15:46:41|Done with jos_csvi_templates
DEBUG   |091019 15:46:41|----- Finished operation 3 ------
DEBUG   |091019 15:46:41|Rows on jos_fb_announcement : 0
DEBUG   |091019 15:46:41|Done with jos_fb_announcement
DEBUG   |091019 15:46:41|----- Finished operation 4 ------
DEBUG   |091019 15:46:41|Rows on jos_fb_attachments : 0
DEBUG   |091019 15:46:41|Done with jos_fb_attachments
DEBUG   |091019 15:46:41|----- Finished operation 5 ------
DEBUG   |091019 15:46:41|Successful Smart algorithm on JoomlapackCUBEDomainDBBackup
DEBUG   |091019 15:46:41|CUBE :: More work required in domain 'PackDB
DEBUG   |091019 15:46:41|====== Finished Step number 25 ======
DEBUG   |091019 15:46:41|Saving CUBEObject instance
DEBUG   |091019 15:46:43|JoomlapackCUBE::getInstance - Loading from database
DEBUG   |091019 15:46:43|====== Starting Step number 26 ======
DEBUG   |091019 15:46:43|Using smart algorithm for JoomlapackCUBEDomainDBBackup
DEBUG   |091019 15:46:43|Smart Stepping
DEBUG   |091019 15:46:43|Rows on jos_fb_categories : 2
DEBUG   |091019 15:46:43|Dumping 2 rows of jos_fb_categories
DEBUG   |091019 15:46:43|----- Finished operation 1 ------
DEBUG   |091019 15:46:43|Done with jos_fb_categories
DEBUG   |091019 15:46:43|----- Finished operation 2 ------
DEBUG   |091019 15:46:43|Rows on jos_fb_config : 1
DEBUG   |091019 15:46:43|Dumping 1 rows of jos_fb_config
DEBUG   |091019 15:46:43|----- Finished operation 3 ------
DEBUG   |091019 15:46:43|Done with jos_fb_config
DEBUG   |091019 15:46:43|----- Finished operation 4 ------
DEBUG   |091019 15:46:43|Rows on jos_fb_config_backup : 1
DEBUG   |091019 15:46:43|Dumping 1 rows of jos_fb_config_backup
DEBUG   |091019 15:46:43|----- Finished operation 5 ------
DEBUG   |091019 15:46:43|Successful Smart algorithm on JoomlapackCUBEDomainDBBackup
DEBUG   |091019 15:46:43|CUBE :: More work required in domain 'PackDB
DEBUG   |091019 15:46:43|====== Finished Step number 26 ======
DEBUG   |091019 15:46:43|Saving CUBEObject instance
DEBUG   |091019 15:46:44|JoomlapackCUBE::getInstance - Loading from database
DEBUG   |091019 15:46:44|====== Starting Step number 27 ======
DEBUG   |091019 15:46:44|Using smart algorithm for JoomlapackCUBEDomainDBBackup
DEBUG   |091019 15:46:44|Smart Stepping
DEBUG   |091019 15:46:44|Done with jos_fb_config_backup
DEBUG   |091019 15:46:44|----- Finished operation 1 ------
DEBUG   |091019 15:46:44|Rows on jos_fb_favorites : 0
DEBUG   |091019 15:46:44|Done with jos_fb_favorites
DEBUG   |091019 15:46:44|----- Finished operation 2 ------
DEBUG   |091019 15:46:44|Rows on jos_fb_groups : 1
DEBUG   |091019 15:46:44|Dumping 1 rows of jos_fb_groups
DEBUG   |091019 15:46:44|----- Finished operation 3 ------
DEBUG   |091019 15:46:44|Done with jos_fb_groups
DEBUG   |091019 15:46:44|----- Finished operation 4 ------
DEBUG   |091019 15:46:44|Rows on jos_fb_messages : 27
DEBUG   |091019 15:46:44|Dumping 27 rows of jos_fb_messages
DEBUG   |091019 15:46:44|----- Finished operation 5 ------
DEBUG   |091019 15:46:44|Successful Smart algorithm on JoomlapackCUBEDomainDBBackup
DEBUG   |091019 15:46:44|CUBE :: More work required in domain 'PackDB
DEBUG   |091019 15:46:44|====== Finished Step number 27 ======
DEBUG   |091019 15:46:44|Saving CUBEObject instance
DEBUG   |091019 15:46:53|JoomlapackCUBE::getInstance - Loading from database
DEBUG   |091019 15:46:53|====== Starting Step number 28 ======
DEBUG   |091019 15:46:53|Using smart algorithm for JoomlapackCUBEDomainDBBackup
DEBUG   |091019 15:46:53|Smart Stepping
DEBUG   |091019 15:46:53|Done with jos_fb_messages
DEBUG   |091019 15:46:53|----- Finished operation 1 ------
DEBUG   |091019 15:46:53|Rows on jos_fb_messages_text : 27
DEBUG   |091019 15:46:53|Dumping 27 rows of jos_fb_messages_text
DEBUG   |091019 15:46:53|----- Finished operation 2 ------
DEBUG   |091019 15:46:53|Done with jos_fb_messages_text
DEBUG   |091019 15:46:53|----- Finished operation 3 ------
DEBUG   |091019 15:46:53|Rows on jos_fb_moderation : 0
DEBUG   |091019 15:46:53|Done with jos_fb_moderation
DEBUG   |091019 15:46:53|----- Finished operation 4 ------
DEBUG   |091019 15:46:53|Rows on jos_fb_ranks : 9
DEBUG   |091019 15:46:53|Dumping 9 rows of jos_fb_ranks
DEBUG   |091019 15:46:53|----- Finished operation 5 ------
DEBUG   |091019 15:46:53|Successful Smart algorithm on JoomlapackCUBEDomainDBBackup
DEBUG   |091019 15:46:53|CUBE :: More work required in domain 'PackDB
DEBUG   |091019 15:46:53|====== Finished Step number 28 ======
DEBUG   |091019 15:46:53|Saving CUBEObject instance
DEBUG   |091019 15:46:55|JoomlapackCUBE::getInstance - Loading from database
DEBUG   |091019 15:46:55|====== Starting Step number 29 ======
DEBUG   |091019 15:46:55|Using smart algorithm for JoomlapackCUBEDomainDBBackup
DEBUG   |091019 15:46:55|Smart Stepping
DEBUG   |091019 15:46:55|Done with jos_fb_ranks
DEBUG   |091019 15:46:55|----- Finished operation 1 ------
DEBUG   |091019 15:46:55|Rows on jos_fb_sessions : 9
DEBUG   |091019 15:46:55|Dumping 9 rows of jos_fb_sessions
DEBUG   |091019 15:46:55|----- Finished operation 2 ------
DEBUG   |091019 15:46:55|Done with jos_fb_sessions
DEBUG   |091019 15:46:55|----- Finished operation 3 ------
DEBUG   |091019 15:46:55|Rows on jos_fb_smileys : 36
DEBUG   |091019 15:46:55|Dumping 36 rows of jos_fb_smileys
DEBUG   |091019 15:46:55|----- Finished operation 4 ------
DEBUG   |091019 15:46:55|Done with jos_fb_smileys
DEBUG   |091019 15:46:55|----- Finished operation 5 ------
DEBUG   |091019 15:46:55|Successful Smart algorithm on JoomlapackCUBEDomainDBBackup
DEBUG   |091019 15:46:55|CUBE :: More work required in domain 'PackDB
DEBUG   |091019 15:46:55|====== Finished Step number 29 ======
DEBUG   |091019 15:46:55|Saving CUBEObject instance
DEBUG   |091019 15:46:56|JoomlapackCUBE::getInstance - Loading from database
DEBUG   |091019 15:46:56|====== Starting Step number 30 ======
DEBUG   |091019 15:46:56|Using smart algorithm for JoomlapackCUBEDomainDBBackup
DEBUG   |091019 15:46:56|Smart Stepping
DEBUG   |091019 15:46:56|Rows on jos_fb_subscriptions : 14
DEBUG   |091019 15:46:56|Dumping 14 rows of jos_fb_subscriptions
DEBUG   |091019 15:46:56|----- Finished operation 1 ------
DEBUG   |091019 15:46:56|Done with jos_fb_subscriptions
DEBUG   |091019 15:46:56|----- Finished operation 2 ------
DEBUG   |091019 15:46:56|Rows on jos_fb_users : 10
DEBUG   |091019 15:46:56|Dumping 10 rows of jos_fb_users
DEBUG   |091019 15:46:56|----- Finished operation 3 ------
DEBUG   |091019 15:46:56|Done with jos_fb_users
DEBUG   |091019 15:46:56|----- Finished operation 4 ------
DEBUG   |091019 15:46:56|Rows on jos_fb_version : 1
DEBUG   |091019 15:46:56|Dumping 1 rows of jos_fb_version
DEBUG   |091019 15:46:56|----- Finished operation 5 ------
DEBUG   |091019 15:46:56|Successful Smart algorithm on JoomlapackCUBEDomainDBBackup
DEBUG   |091019 15:46:56|CUBE :: More work required in domain 'PackDB
DEBUG   |091019 15:46:56|====== Finished Step number 30 ======
DEBUG   |091019 15:46:56|Saving CUBEObject instance
DEBUG   |091019 15:46:58|JoomlapackCUBE::getInstance - Loading from database
DEBUG   |091019 15:46:58|====== Starting Step number 31 ======
DEBUG   |091019 15:46:58|Using smart algorithm for JoomlapackCUBEDomainDBBackup
DEBUG   |091019 15:46:58|Smart Stepping
DEBUG   |091019 15:46:58|Done with jos_fb_version
DEBUG   |091019 15:46:58|----- Finished operation 1 ------
DEBUG   |091019 15:46:58|Rows on jos_fb_whoisonline : 1
DEBUG   |091019 15:46:58|Dumping 1 rows of jos_fb_whoisonline
DEBUG   |091019 15:46:58|----- Finished operation 2 ------
DEBUG   |091019 15:46:58|Done with jos_fb_whoisonline
DEBUG   |091019 15:46:58|----- Finished operation 3 ------
DEBUG   |091019 15:46:58|Rows on jos_groups : 3
DEBUG   |091019 15:46:58|Dumping 3 rows of jos_groups
DEBUG   |091019 15:46:58|----- Finished operation 4 ------
DEBUG   |091019 15:46:58|Done with jos_groups
DEBUG   |091019 15:46:58|----- Finished operation 5 ------
DEBUG   |091019 15:46:58|Successful Smart algorithm on JoomlapackCUBEDomainDBBackup
DEBUG   |091019 15:46:58|CUBE :: More work required in domain 'PackDB
DEBUG   |091019 15:46:58|====== Finished Step number 31 ======
DEBUG   |091019 15:46:58|Saving CUBEObject instance
DEBUG   |091019 15:46:59|JoomlapackCUBE::getInstance - Loading from database
DEBUG   |091019 15:46:59|====== Starting Step number 32 ======
DEBUG   |091019 15:46:59|Using smart algorithm for JoomlapackCUBEDomainDBBackup
DEBUG   |091019 15:46:59|Smart Stepping
DEBUG   |091019 15:46:59|Rows on jos_jp_exclusion : 0
DEBUG   |091019 15:46:59|Done with jos_jp_exclusion
DEBUG   |091019 15:46:59|----- Finished operation 1 ------
DEBUG   |091019 15:46:59|Rows on jos_jp_inclusion : 0
DEBUG   |091019 15:46:59|Done with jos_jp_inclusion
DEBUG   |091019 15:46:59|----- Finished operation 2 ------
DEBUG   |091019 15:46:59|Rows on jos_jp_profiles : 1
DEBUG   |091019 15:46:59|Dumping 1 rows of jos_jp_profiles
DEBUG   |091019 15:46:59|----- Finished operation 3 ------
DEBUG   |091019 15:46:59|Done with jos_jp_profiles
DEBUG   |091019 15:46:59|----- Finished operation 4 ------
DEBUG   |091019 15:46:59|Rows on jos_jp_registry : 51
DEBUG   |091019 15:46:59|Dumping 50 rows of jos_jp_registry
DEBUG   |091019 15:46:59|----- Finished operation 5 ------
DEBUG   |091019 15:46:59|Successful Smart algorithm on JoomlapackCUBEDomainDBBackup
DEBUG   |091019 15:46:59|CUBE :: More work required in domain 'PackDB
DEBUG   |091019 15:46:59|====== Finished Step number 32 ======
DEBUG   |091019 15:46:59|Saving CUBEObject instance
DEBUG   |091019 15:47:01|JoomlapackCUBE::getInstance - Loading from database
DEBUG   |091019 15:47:01|====== Starting Step number 33 ======
DEBUG   |091019 15:47:01|Using smart algorithm for JoomlapackCUBEDomainDBBackup
DEBUG   |091019 15:47:01|Smart Stepping
DEBUG   |091019 15:47:01|Dumping 1 rows of jos_jp_registry
DEBUG   |091019 15:47:01|----- Finished operation 1 ------
DEBUG   |091019 15:47:01|Done with jos_jp_registry
DEBUG   |091019 15:47:01|----- Finished operation 2 ------
DEBUG   |091019 15:47:01|Rows on jos_jp_stats : 2
DEBUG   |091019 15:47:01|Dumping 2 rows of jos_jp_stats
DEBUG   |091019 15:47:01|----- Finished operation 3 ------
DEBUG   |091019 15:47:01|Done with jos_jp_stats
DEBUG   |091019 15:47:01|----- Finished operation 4 ------
DEBUG   |091019 15:47:01|Rows on jos_jp_temp : 6
INFO    |091019 15:47:01|Skipping table jos_jp_temp
DEBUG   |091019 15:47:01|Done with jos_jp_temp
DEBUG   |091019 15:47:01|----- Finished operation 5 ------
DEBUG   |091019 15:47:01|Successful Smart algorithm on JoomlapackCUBEDomainDBBackup
DEBUG   |091019 15:47:01|CUBE :: More work required in domain 'PackDB
DEBUG   |091019 15:47:01|====== Finished Step number 33 ======
DEBUG   |091019 15:47:01|Saving CUBEObject instance
DEBUG   |091019 15:47:02|JoomlapackCUBE::getInstance - Loading from database
DEBUG   |091019 15:47:02|====== Starting Step number 34 ======
DEBUG   |091019 15:47:02|Using smart algorithm for JoomlapackCUBEDomainDBBackup
DEBUG   |091019 15:47:02|Smart Stepping
DEBUG   |091019 15:47:02|Rows on jos_menu : 13
DEBUG   |091019 15:47:02|Dumping 13 rows of jos_menu
DEBUG   |091019 15:47:02|----- Finished operation 1 ------
DEBUG   |091019 15:47:02|Done with jos_menu
DEBUG   |091019 15:47:02|----- Finished operation 2 ------
DEBUG   |091019 15:47:02|Rows on jos_menu_types : 1
DEBUG   |091019 15:47:02|Dumping 1 rows of jos_menu_types
DEBUG   |091019 15:47:02|----- Finished operation 3 ------
DEBUG   |091019 15:47:02|Done with jos_menu_types
DEBUG   |091019 15:47:02|----- Finished operation 4 ------
DEBUG   |091019 15:47:02|Rows on jos_messages : 0
DEBUG   |091019 15:47:02|Done with jos_messages
DEBUG   |091019 15:47:02|----- Finished operation 5 ------
DEBUG   |091019 15:47:02|Successful Smart algorithm on JoomlapackCUBEDomainDBBackup
DEBUG   |091019 15:47:02|CUBE :: More work required in domain 'PackDB
DEBUG   |091019 15:47:02|====== Finished Step number 34 ======
DEBUG   |091019 15:47:02|Saving CUBEObject instance
DEBUG   |091019 15:47:04|JoomlapackCUBE::getInstance - Loading from database
DEBUG   |091019 15:47:04|====== Starting Step number 35 ======
DEBUG   |091019 15:47:04|Using smart algorithm for JoomlapackCUBEDomainDBBackup
DEBUG   |091019 15:47:04|Smart Stepping
DEBUG   |091019 15:47:04|Rows on jos_messages_cfg : 0
DEBUG   |091019 15:47:04|Done with jos_messages_cfg
DEBUG   |091019 15:47:04|----- Finished operation 1 ------
DEBUG   |091019 15:47:04|Rows on jos_migration_backlinks : 0
DEBUG   |091019 15:47:04|Done with jos_migration_backlinks
DEBUG   |091019 15:47:04|----- Finished operation 2 ------
DEBUG   |091019 15:47:04|Rows on jos_modules : 35
DEBUG   |091019 15:47:04|Dumping 35 rows of jos_modules
DEBUG   |091019 15:47:04|----- Finished operation 3 ------
DEBUG   |091019 15:47:04|Done with jos_modules
DEBUG   |091019 15:47:04|----- Finished operation 4 ------
DEBUG   |091019 15:47:04|Rows on jos_modules_menu : 20
DEBUG   |091019 15:47:04|Dumping 20 rows of jos_modules_menu
DEBUG   |091019 15:47:04|----- Finished operation 5 ------
DEBUG   |091019 15:47:04|Successful Smart algorithm on JoomlapackCUBEDomainDBBackup
DEBUG   |091019 15:47:04|CUBE :: More work required in domain 'PackDB
DEBUG   |091019 15:47:04|====== Finished Step number 35 ======
DEBUG   |091019 15:47:04|Saving CUBEObject instance
DEBUG   |091019 15:47:06|JoomlapackCUBE::getInstance - Loading from database
DEBUG   |091019 15:47:06|====== Starting Step number 36 ======
DEBUG   |091019 15:47:06|Using smart algorithm for JoomlapackCUBEDomainDBBackup
DEBUG   |091019 15:47:06|Smart Stepping
DEBUG   |091019 15:47:06|Done with jos_modules_menu
DEBUG   |091019 15:47:06|----- Finished operation 1 ------
DEBUG   |091019 15:47:06|Rows on jos_newsfeeds : 0
DEBUG   |091019 15:47:06|Done with jos_newsfeeds
DEBUG   |091019 15:47:06|----- Finished operation 2 ------
DEBUG   |091019 15:47:06|Rows on jos_plugins : 39
DEBUG   |091019 15:47:06|Dumping 39 rows of jos_plugins
DEBUG   |091019 15:47:06|----- Finished operation 3 ------
DEBUG   |091019 15:47:06|Done with jos_plugins
DEBUG   |091019 15:47:06|----- Finished operation 4 ------
DEBUG   |091019 15:47:06|Rows on jos_poll_data : 12
DEBUG   |091019 15:47:06|Dumping 12 rows of jos_poll_data
DEBUG   |091019 15:47:06|----- Finished operation 5 ------
DEBUG   |091019 15:47:06|Successful Smart algorithm on JoomlapackCUBEDomainDBBackup
DEBUG   |091019 15:47:06|CUBE :: More work required in domain 'PackDB
DEBUG   |091019 15:47:06|====== Finished Step number 36 ======
DEBUG   |091019 15:47:06|Saving CUBEObject instance
DEBUG   |091019 15:47:07|JoomlapackCUBE::getInstance - Loading from database
DEBUG   |091019 15:47:07|====== Starting Step number 37 ======
DEBUG   |091019 15:47:07|Using smart algorithm for JoomlapackCUBEDomainDBBackup
DEBUG   |091019 15:47:07|Smart Stepping
DEBUG   |091019 15:47:07|Done with jos_poll_data
DEBUG   |091019 15:47:07|----- Finished operation 1 ------
DEBUG   |091019 15:47:07|Rows on jos_poll_date : 4
DEBUG   |091019 15:47:07|Dumping 4 rows of jos_poll_date
DEBUG   |091019 15:47:07|----- Finished operation 2 ------
DEBUG   |091019 15:47:07|Done with jos_poll_date
DEBUG   |091019 15:47:07|----- Finished operation 3 ------
DEBUG   |091019 15:47:07|Rows on jos_poll_menu : 0
DEBUG   |091019 15:47:07|Done with jos_poll_menu
DEBUG   |091019 15:47:07|----- Finished operation 4 ------
DEBUG   |091019 15:47:07|Rows on jos_polls : 1
DEBUG   |091019 15:47:07|Dumping 1 rows of jos_polls
DEBUG   |091019 15:47:07|----- Finished operation 5 ------
DEBUG   |091019 15:47:07|Successful Smart algorithm on JoomlapackCUBEDomainDBBackup
DEBUG   |091019 15:47:07|CUBE :: More work required in domain 'PackDB
DEBUG   |091019 15:47:07|====== Finished Step number 37 ======
DEBUG   |091019 15:47:07|Saving CUBEObject instance
DEBUG   |091019 15:47:10|JoomlapackCUBE::getInstance - Loading from database
DEBUG   |091019 15:47:10|====== Starting Step number 38 ======
DEBUG   |091019 15:47:10|Using smart algorithm for JoomlapackCUBEDomainDBBackup
DEBUG   |091019 15:47:10|Smart Stepping
DEBUG   |091019 15:47:11|Done with jos_polls
DEBUG   |091019 15:47:11|----- Finished operation 1 ------
DEBUG   |091019 15:47:11|Rows on jos_sections : 3
DEBUG   |091019 15:47:11|Dumping 3 rows of jos_sections
DEBUG   |091019 15:47:11|----- Finished operation 2 ------
DEBUG   |091019 15:47:11|Done with jos_sections
DEBUG   |091019 15:47:11|----- Finished operation 3 ------
DEBUG   |091019 15:47:11|Rows on jos_sefexts : 1
DEBUG   |091019 15:47:11|Dumping 1 rows of jos_sefexts
DEBUG   |091019 15:47:11|----- Finished operation 4 ------
DEBUG   |091019 15:47:11|Done with jos_sefexts
DEBUG   |091019 15:47:11|----- Finished operation 5 ------
DEBUG   |091019 15:47:11|Successful Smart algorithm on JoomlapackCUBEDomainDBBackup
DEBUG   |091019 15:47:11|CUBE :: More work required in domain 'PackDB
DEBUG   |091019 15:47:11|====== Finished Step number 38 ======
DEBUG   |091019 15:47:11|Saving CUBEObject instance
DEBUG   |091019 15:47:13|JoomlapackCUBE::getInstance - Loading from database
DEBUG   |091019 15:47:13|====== Starting Step number 39 ======
DEBUG   |091019 15:47:13|Using smart algorithm for JoomlapackCUBEDomainDBBackup
DEBUG   |091019 15:47:13|Smart Stepping
DEBUG   |091019 15:47:13|Rows on jos_sefexts_bak : 11
DEBUG   |091019 15:47:13|Dumping 11 rows of jos_sefexts_bak
DEBUG   |091019 15:47:13|----- Finished operation 1 ------
DEBUG   |091019 15:47:13|Done with jos_sefexts_bak
DEBUG   |091019 15:47:13|----- Finished operation 2 ------
DEBUG   |091019 15:47:13|Rows on jos_sefexttexts : 0
DEBUG   |091019 15:47:13|Done with jos_sefexttexts
DEBUG   |091019 15:47:13|----- Finished operation 3 ------
DEBUG   |091019 15:47:13|Rows on jos_sefexttexts_bak : 0
DEBUG   |091019 15:47:13|Done with jos_sefexttexts_bak
DEBUG   |091019 15:47:13|----- Finished operation 4 ------
DEBUG   |091019 15:47:13|Rows on jos_sefmoved : 0
DEBUG   |091019 15:47:13|Done with jos_sefmoved
DEBUG   |091019 15:47:13|----- Finished operation 5 ------
DEBUG   |091019 15:47:13|Successful Smart algorithm on JoomlapackCUBEDomainDBBackup
DEBUG   |091019 15:47:13|CUBE :: More work required in domain 'PackDB
DEBUG   |091019 15:47:13|====== Finished Step number 39 ======
DEBUG   |091019 15:47:13|Saving CUBEObject instance
INFO    |091019 15:56:14|Removing CUBE temporary file: <root>/tmp/jpjWkhKB
INFO    |091019 15:56:14|Creating new CUBEObject storage file: <root>/tmp/jp3rhxpZ
INFO    |091019 15:56:14|Removing CUBE temporary file: <root>/tmp/jp3rhxpZ
INFO    |091019 15:56:46|Creating new CUBEObject storage file: <root>/tmp/jpImRr8c
INFO    |091019 15:56:46|Removing CUBE temporary file: <root>/tmp/jpImRr8c
INFO    |091019 15:56:46|Creating new CUBEObject storage file: <root>/tmp/jpZSps1O
INFO    |091019 15:56:46|Removing CUBE temporary file: <root>/tmp/jpZSps1O
INFO    |091019 15:57:46|Creating new CUBEObject storage file: <root>/tmp/jpMkRZVy
INFO    |091019 15:57:46|Removing CUBE temporary file: <root>/tmp/jpMkRZVy
INFO    |091019 15:57:46|Creating new CUBEObject storage file: <root>/tmp/jpbv5FBw
INFO    |091019 15:57:46|Removing CUBE temporary file: <root>/tmp/jpbv5FBw
INFO    |091019 15:58:07|Creating new CUBEObject storage file: <root>/tmp/jpL6IQMp
INFO    |091019 15:58:07|Removing CUBE temporary file: <root>/tmp/jpL6IQMp
INFO    |091019 15:58:07|Creating new CUBEObject storage file: <root>/tmp/jpp5Gnje
INFO    |091019 15:58:07|Removing CUBE temporary file: <root>/tmp/jpp5Gnje
INFO    |091019 15:58:21|Creating new CUBEObject storage file: <root>/tmp/jp2vjT3V
INFO    |091019 15:58:21|Removing CUBE temporary file: <root>/tmp/jp2vjT3V
INFO    |091019 15:58:21|Creating new CUBEObject storage file: <root>/tmp/jpV6jsRg
INFO    |091019 15:58:21|Removing CUBE temporary file: <root>/tmp/jpV6jsRg
